debugger.log Bochs x86 Emulator 2.6.9
debugger.log   Built from SVN snapshot on April 9, 2017
debugger.log Compiled on Mar 29 2018 at 12:39:00
debugger.log System configuration
debugger.log   processors: 1 (cores=1, HT threads=1)
debugger.log   A20 line support: yes
debugger.log IPS is set to 2500000
debugger.log CPU configuration
debugger.log   SMP support: yes, quantum=16
debugger.log   level: 6
debugger.log   APIC support: xapic
debugger.log   FPU support: yes
debugger.log   MMX support: yes
debugger.log   3dnow! support: no
debugger.log   SEP support: yes
debugger.log   SIMD support: sse2
debugger.log   XSAVE support: xsave xsaveopt
debugger.log   AES support: no
debugger.log   SHA support: no
debugger.log   MOVBE support: no
debugger.log   ADX support: no
debugger.log   x86-64 support: yes
debugger.log   1G paging support: yes
debugger.log   MWAIT support: yes
debugger.log Optimization configuration
debugger.log   RepeatSpeedups support: no
debugger.log   Fast function calls: no
debugger.log   Handlers Chaining speedups: no
debugger.log Devices configuration
debugger.log   PCI support: i440FX i430FX
debugger.log   Networking: no
debugger.log   Sound support: no
debugger.log   USB support: UHCI OHCI
debugger.log   VGA extension support: vbe
debugger.log allocated memory at 0x7efeb696f010. after alignment, vector=0x7efeb6970000
debugger.log 512,00MB
debugger.log mem block size = 0x00020000, blocks=4096
debugger.log rom at 0xffff0000/65536 ('./bios.bin')
debugger.log using 'slowdown' timer synchronization method
debugger.log init_dev of 'pci' plugin device by virtual method
debugger.log i440FX PMC present at device 0, function 0
debugger.log init_dev of 'pci2isa' plugin device by virtual method
debugger.log PIIX3 PCI-to-ISA bridge present at device 1, function 0
debugger.log init_dev of 'cmos' plugin device by virtual method
debugger.log Using local time for initial clock
debugger.log Setting initial clock to: Fri May 18 19:42:41 2018 (time0=1526683361)
debugger.log init_dev of 'dma' plugin device by virtual method
debugger.log channel 4 used by cascade
debugger.log init_dev of 'pic' plugin device by virtual method
debugger.log init_dev of 'pit' plugin device by virtual method
debugger.log init_dev of 'vga' plugin device by virtual method
debugger.log Register memory access handlers: 0x0000000a0000 - 0x0000000bffff
debugger.log interval=200000, mode=realtime
debugger.log Register memory access handlers: 0x0000e0000000 - 0x0000e0ffffff
debugger.log VBE Bochs Display Extension Enabled
debugger.log test_alloc_colors: 16 colors available out of 16 colors tried
debugger.log font 8 wide x 16 high, display depth = 24
debugger.log rom at 0xc0000/41472 ('/opt/bochs-2.6.9-int/share/bochs/VGABIOS-lgpl-latest')
debugger.log init_dev of 'floppy' plugin device by virtual method
debugger.log channel 2 used by Floppy Drive
debugger.log tried to open 'floppy.img' read/write: No existe el archivo o el directorio
debugger.log tried to open 'floppy.img' read only: No existe el archivo o el directorio
debugger.log Using boot sequence floppy, none, none
debugger.log Floppy boot signature check is enabled
debugger.log init_dev of 'acpi' plugin device by virtual method
debugger.log ACPI Controller present at device 1, function 3
debugger.log init_dev of 'ioapic' plugin device by virtual method
debugger.log initializing I/O APIC
debugger.log Register memory access handlers: 0x0000fec00000 - 0x0000fec00fff
debugger.log IOAPIC enabled (base address = 0xfec00000)
debugger.log init_dev of 'keyboard' plugin device by virtual method
debugger.log will paste characters every 400 keyboard ticks
debugger.log init_dev of 'harddrv' plugin device by virtual method
debugger.log init_dev of 'pci_ide' plugin device by virtual method
debugger.log PIIX3 PCI IDE controller present at device 1, function 1
debugger.log init_dev of 'unmapped' plugin device by virtual method
debugger.log init_dev of 'biosdev' plugin device by virtual method
debugger.log init_dev of 'speaker' plugin device by virtual method
debugger.log Failed to open /dev/console: Permiso denegado
debugger.log Deactivating beep on console
debugger.log init_dev of 'extfpuirq' plugin device by virtual method
debugger.log init_dev of 'parallel' plugin device by virtual method
debugger.log parallel port 1 at 0x0378 irq 7
debugger.log init_dev of 'serial' plugin device by virtual method
debugger.log com1 at 0x03f8 irq 4 (mode: null)
debugger.log init_dev of 'iodebug' plugin device by virtual method
debugger.log init_dev of 'usb_uhci' plugin device by virtual method
debugger.log USB UHCI present at device 1, function 2
debugger.log USB UHCI initialized
debugger.log register state of 'pci' plugin device by virtual method
debugger.log register state of 'pci2isa' plugin device by virtual method
debugger.log register state of 'cmos' plugin device by virtual method
debugger.log register state of 'dma' plugin device by virtual method
debugger.log register state of 'pic' plugin device by virtual method
debugger.log register state of 'pit' plugin device by virtual method
debugger.log register state of 'vga' plugin device by virtual method
debugger.log register state of 'floppy' plugin device by virtual method
debugger.log register state of 'unmapped' plugin device by virtual method
debugger.log register state of 'biosdev' plugin device by virtual method
debugger.log register state of 'speaker' plugin device by virtual method
debugger.log register state of 'extfpuirq' plugin device by virtual method
debugger.log register state of 'parallel' plugin device by virtual method
debugger.log register state of 'serial' plugin device by virtual method
debugger.log register state of 'iodebug' plugin device by virtual method
debugger.log register state of 'usb_uhci' plugin device by virtual method
debugger.log register state of 'acpi' plugin device by virtual method
debugger.log register state of 'ioapic' plugin device by virtual method
debugger.log register state of 'keyboard' plugin device by virtual method
debugger.log register state of 'harddrv' plugin device by virtual method
debugger.log register state of 'pci_ide' plugin device by virtual method
debugger.log bx_pc_system_c::Reset(HARDWARE) called
debugger.log cpu hardware reset
debugger.log allocate APIC id=0 (MMIO enabled) to 0x0000fee00000
debugger.log CPU[0] is the bootstrap processor
debugger.log CPUID[0x00000000]: 0000000d 756e6547 6c65746e 49656e69
debugger.log CPUID[0x00000001]: 00000633 00010800 04022008 1fcbfbff
debugger.log CPUID[0x00000002]: 00410601 00000000 00000000 00000000
debugger.log CPUID[0x00000003]: 00000000 00000000 00000000 00000000
debugger.log CPUID[0x00000004]: 00000000 00000000 00000000 00000000
debugger.log CPUID[0x00000005]: 00000040 00000040 00000003 00000020
debugger.log CPUID[0x00000006]: 00000000 00000000 00000000 00000000
debugger.log CPUID[0x00000007]: 00000000 00100081 00000000 00000000
debugger.log CPUID[0x00000008]: 00000000 00000000 00000000 00000000
debugger.log CPUID[0x00000009]: 00000000 00000000 00000000 00000000
debugger.log WARNING: Architectural Performance Monitoring is not implemented
debugger.log CPUID[0x0000000a]: 00000000 00000000 00000000 00000000
debugger.log CPUID[0x0000000b]: 00000001 00000001 00000000 00000000
debugger.log CPUID[0x0000000c]: 00000000 00000000 00000000 00000000
debugger.log CPUID[0x0000000d]: 00000003 00000240 00000240 00000000
debugger.log CPUID[0x80000000]: 80000008 00000000 00000000 00000000
debugger.log CPUID[0x80000001]: 00000000 00000000 00000101 2e100000
debugger.log CPUID[0x80000002]: 20202020 20202020 20202020 6e492020
debugger.log CPUID[0x80000003]: 286c6574 50202952 69746e65 52286d75
debugger.log CPUID[0x80000004]: 20342029 20555043 20202020 00202020
debugger.log CPUID[0x80000005]: 01ff01ff 01ff01ff 40020140 40020140
debugger.log CPUID[0x80000006]: 00000000 42004200 02008140 00000000
debugger.log CPUID[0x80000007]: 00000000 00000000 00000000 00000000
debugger.log CPUID[0x80000008]: 00003028 00000000 00000000 00000000
debugger.log reset of 'pci' plugin device by virtual method
debugger.log reset of 'pci2isa' plugin device by virtual method
debugger.log reset of 'cmos' plugin device by virtual method
debugger.log reset of 'dma' plugin device by virtual method
debugger.log reset of 'pic' plugin device by virtual method
debugger.log reset of 'pit' plugin device by virtual method
debugger.log reset of 'vga' plugin device by virtual method
debugger.log reset of 'floppy' plugin device by virtual method
debugger.log reset of 'acpi' plugin device by virtual method
debugger.log reset of 'ioapic' plugin device by virtual method
debugger.log reset of 'keyboard' plugin device by virtual method
debugger.log reset of 'harddrv' plugin device by virtual method
debugger.log reset of 'pci_ide' plugin device by virtual method
debugger.log reset of 'unmapped' plugin device by virtual method
debugger.log reset of 'biosdev' plugin device by virtual method
debugger.log reset of 'speaker' plugin device by virtual method
debugger.log reset of 'extfpuirq' plugin device by virtual method
debugger.log reset of 'parallel' plugin device by virtual method
debugger.log reset of 'serial' plugin device by virtual method
debugger.log reset of 'iodebug' plugin device by virtual method
debugger.log reset of 'usb_uhci' plugin device by virtual method
debugger.log charmap update. Font is 9 x 16
debugger.log new BM-DMA address: 0x4000
debugger.log new base address: 0x4020
debugger.log [6824] Stopped on MAGIC BREAKPOINT
debugger.log charmap update. Font is 9 x 16
debugger.log [46812510] Stopped on MAGIC BREAKPOINT
debugger.log CPU is in protected mode (active)
debugger.log CS.mode = 32 bit
debugger.log SS.mode = 32 bit
debugger.log EFER   = 0x00000000
debugger.log | EAX=0000001f  EBX=0000001f  ECX=00000012  EDX=00000000
debugger.log | ESP=1fffbfff  EBP=00004040  ESI=80013137  EDI=c0002000
debugger.log | IOPL=0 id vip vif ac vm rf nt of df if tf sf ZF af PF cf
debugger.log | SEG sltr(index|ti|rpl)     base    limit G D
debugger.log |  CS:0008( 0001| 0|  0) 00000000 ffffffff 1 1
debugger.log |  DS:0010( 0002| 0|  0) 00000000 ffffffff 1 1
debugger.log |  SS:0010( 0002| 0|  0) 00000000 ffffffff 1 1
debugger.log |  ES:0010( 0002| 0|  0) 00000000 ffffffff 1 1
debugger.log |  FS:0010( 0002| 0|  0) 00000000 ffffffff 1 1
debugger.log |  GS:0010( 0002| 0|  0) 00000000 ffffffff 1 1
debugger.log | EIP=0030001a (0030001a)
debugger.log | CR0=0x60000011 CR2=0x00000000
debugger.log | CR3=0x00000000 CR4=0x00000000
debugger.log Last time is 1526683379 (Fri May 18 19:42:59 2018)
debugger.log Exit
debugger.log quit_sim called with exit code 0
