     1                                  SECTION .kernel16
     2                                  USE16
     3                                  ;///////////////////////////////////////////////////////////////////////////////
     4                                  ;                   Funciones para habilitar el A20 Gate
     5                                  ;///////////////////////////////////////////////////////////////////////////////
     6                                  %include "./inc/init_pci.inc"
     1                              <1> GLOBAL bios_init
     2                              <1> EXTERN bios_init_return
     3                              <1> 
     4                              <1> 
     5                              <1> 
     6                              <1> %macro 		leer_registro_pci 1 				; 1 parámetro
     7                              <1> 	mov 	eax, %1
     8                              <1> 	or 		eax, esi
     9                              <1> 	mov		dx, 0x0CF8
    10                              <1> 	out 	dx, eax    							; Escribir palabra de configuración.
    11                              <1> 	mov 	dx, 0x0CFC
    12                              <1> 	in 		eax, dx   							; Verificar si existe el dispositivo.
    13                              <1> %endmacro
    14                              <1> 
    15                              <1> ;--------------------------------------------------------------------------------
    16                              <1> ; Salto a punto de entrada
    17                              <1> ;--------------------------------------------------------------------------------
    18 00000000 E9FC10              <1> 	jmp 	bios_init	; Inicio del codigo de inicializacion
    19                              <1> 
    20                              <1> ;--------------------------------------------------------------------------------
    21                              <1> ; Tablas de datos para inicializacion
    22                              <1> ;--------------------------------------------------------------------------------
    23                              <1> seq_regs_data:
    24 00000003 03                  <1> 	db 		0x03  		; Reset Register
    25 00000004 00                  <1> 	db 		0x00  		; Clocking Mode Register
    26 00000005 03                  <1> 	db 		0x03  		; Map Mask Register
    27 00000006 00                  <1> 	db 		0x00  		; Character Map Select Register
    28 00000007 02                  <1> 	db 		0x02 		; Sequencer Memory Mode Register
    29                              <1> 
    30                              <1> crtc_regs_data:
    31 00000008 5F                  <1> 	db 		0x5F  		; Cantidad caracteres menos 5 incluyendo borde.
    32 00000009 4F                  <1> 	db 		0x4F  		; Cantidad caracteres visualizados menos 1.
    33 0000000A 50                  <1> 	db 		0x50  		; Carácter en el que comienza el blanqueo.
    34 0000000B 82                  <1> 	db 		0x82  		; Fin de blanqueo horizontal.
    35 0000000C 55                  <1> 	db 		0x55  		; Carácter donde comienza el retrazo horizontal.
    36 0000000D 81                  <1> 	db 		0x81  		; Fin del retrazo horizontal.
    37 0000000E BF                  <1> 	db 		0xBF  		; Cantidad de scan lines - 2 (0x1BF = 447).
    38 0000000F 1F                  <1> 	db 		0x1F  		; Bits 9 y 8 de varios registros.
    39 00000010 00                  <1> 	db 		0x00  		; Primer scan line a ser visualizado.
    40 00000011 4F                  <1> 	db 		0x4F  		; Bits 4-0: máxima línea de scan.
    41 00000012 0D                  <1> 	db 		0x0D  		; Scan line donde comienza el cursor.
    42 00000013 0E                  <1> 	db 		0x0E  		; Scan line donde termina el cursor.
    43 00000014 00                  <1> 	db 		0x00 	 	; Bits 15-8 del inicio del buffer de video.
    44 00000015 00                  <1> 	db	 	0x00 	 	; Bits 7-0 del inicio del buffer de video.
    45 00000016 05                  <1> 	db		0x05 		; Bits 15-8 de la posición del cursor en pantalla.
    46 00000017 50                  <1> 	db 		0x50 		; Bits 7-0 de la posición del cursor en pantalla.
    47 00000018 9C                  <1> 	db 		0x9C  		; Inicio retrazado vertical (0x19C = 412).
    48 00000019 8E                  <1> 	db 		0x8E  		; Fin retrazado vertical (bits 3-0) y protección de
    49                              <1> 						; escritura para registros cero a 7 (bit 7).
    50 0000001A 8F                  <1> 	db 		0x8F  		; Fin de refresco vertical (0x18F = 409)
    51 0000001B 28                  <1> 	db 		0x28  		; Cantidad de bytes por scan line dividido 4.
    52 0000001C 1F                  <1> 	db 		0x1F  		; Scan line para el subrayado.
    53 0000001D 96                  <1> 	db 		0x96  		; Inicio blanqueo vertical (0x196 = 406)
    54 0000001E B9                  <1> 	db 		0xB9  		; Fin blanqueo vertical (0x1B9 = 441)
    55 0000001F A3                  <1> 	db 		0xA3  		; Registro de control de modo.
    56 00000020 FF                  <1> 	db 		0xFF  		; Registro de comparación de líneas.
    57                              <1> 
    58                              <1> graphics_regs_data:
    59 00000021 00                  <1> 	db 		0x00  		; Set/Reset Register
    60 00000022 00                  <1> 	db 		0x00  		; Enable Set/Reset Register
    61 00000023 00                  <1> 	db 		0x00  		; Color Compare Register
    62 00000024 00                  <1> 	db 		0x00  		; Data Rotate Register
    63 00000025 00                  <1> 	db 		0x00  		; Graphics Mode Register  
    64 00000026 10                  <1> 	db 		0x10  		; Miscellaneous Graphics Register
    65 00000027 0E                  <1> 	db 		0x0E  		; Color Don't Care Register
    66 00000028 00                  <1> 	db 		0x00  		; Bit Mask Register
    67 00000029 FF                  <1> 	db 		0xFF
    68                              <1> 
    69                              <1> attrcon_regs_data:
    70 0000002A 00                  <1> 	db 		0x00  		; Paleta para color 0.
    71 0000002B 01                  <1> 	db 		0x01  		; Paleta para color 1.
    72 0000002C 02                  <1> 	db 		0x02  		; Paleta para color 2.
    73 0000002D 03                  <1> 	db 		0x03  		; Paleta para color 3.
    74 0000002E 04                  <1> 	db 		0x04  		; Paleta para color 4.
    75 0000002F 05                  <1> 	db 		0x05  		; Paleta para color 5.
    76 00000030 14                  <1> 	db 		0x14  		; Paleta para color 6.
    77 00000031 07                  <1> 	db 		0x07  		; Paleta para color 7.
    78 00000032 38                  <1> 	db 		0x38  		; Paleta para color 8.
    79 00000033 39                  <1> 	db 		0x39  		; Paleta para color 9.
    80 00000034 3A                  <1> 	db 		0x3A  		; Paleta para color 10.
    81 00000035 3B                  <1> 	db 		0x3B  		; Paleta para color 11.
    82 00000036 3C                  <1> 	db 		0x3C  		; Paleta para color 12.
    83 00000037 3D                  <1> 	db 		0x3D  		; Paleta para color 13.
    84 00000038 3E                  <1> 	db 		0x3E  		; Paleta para color 14.
    85 00000039 3F                  <1> 	db 		0x3F  		; Paleta para color 15.
    86 0000003A 0C                  <1> 	db 		0x0C  		; Registro de control de atributos.
    87                              <1> 						; * Bit 7: Fuente de los bits de video P5 y P4 al DAC de video
    88                              <1> 						; * Bit 6: Habilitación de 256 colores.
    89                              <1> 						; * Bit 5: Modo de desplazamiento de píxeles
    90                              <1> 						; * Bit 4: No usado
    91                              <1> 						; * Bit 3: "1" para habilitar blink, "0" para tener 16 colores de fondo.
    92                              <1> 						; * Bit 2: Replicación de octava a novena columna para caracteres
    93                              <1> 						;         0xC0 - 0xDF (para dibujar bloques en modo texto).
    94                              <1> 						; * Bit 1: Sin uso
    95                              <1> 						; * Bit 0: Habilitación de gráficos.
    96 0000003B 00                  <1> 	db 		0x00  		; Color usado para el borde en algunos modos.
    97 0000003C 0F                  <1> 	db 		0x0F  		; Habilitación de planos de color.
    98 0000003D 08                  <1> 	db 		0x08  		; Desplazamiento de píxeles de video hacia la izquierda.
    99 0000003E 00                  <1> 	db 		0x00  		; Registro de selección de color.
   100                              <1> 
   101                              <1> palette_data:
   102 0000003F 000000              <1> 	db 		0x00, 0x00, 0x00    ;RGB of color #0
   103 00000042 00002A              <1> 	db 		0x00, 0x00, 0x2a
   104 00000045 002A00              <1> 	db 		0x00, 0x2a, 0x00
   105 00000048 002A2A              <1> 	db 		0x00, 0x2a, 0x2a
   106 0000004B 2A0000              <1> 	db 		0x2a, 0x00, 0x00    ;RGB of color #4
   107 0000004E 2A002A              <1> 	db 		0x2a, 0x00, 0x2a
   108 00000051 2A2A00              <1> 	db 		0x2a, 0x2a, 0x00
   109 00000054 2A2A2A              <1> 	db 		0x2a, 0x2a, 0x2a
   110 00000057 000015              <1> 	db 		0x00, 0x00, 0x15    ;RGB of color #8
   111 0000005A 00003F              <1> 	db 		0x00, 0x00, 0x3f
   112 0000005D 002A15              <1> 	db 		0x00, 0x2a, 0x15
   113 00000060 002A3F              <1> 	db 		0x00, 0x2a, 0x3f
   114 00000063 2A0015              <1> 	db 		0x2a, 0x00, 0x15    ;RGB of color #12
   115 00000066 2A003F              <1> 	db 		0x2a, 0x00, 0x3f
   116 00000069 2A2A15              <1> 	db 		0x2a, 0x2a, 0x15
   117 0000006C 2A2A3F              <1> 	db 		0x2a, 0x2a, 0x3f
   118 0000006F 001500              <1> 	db 		0x00, 0x15, 0x00    ;RGB of color #16
   119 00000072 00152A              <1> 	db 		0x00, 0x15, 0x2a
   120 00000075 003F00              <1> 	db		0x00, 0x3f, 0x00
   121 00000078 003F2A              <1> 	db 		0x00, 0x3f, 0x2a
   122 0000007B 2A1500              <1> 	db 		0x2a, 0x15, 0x00    ;RGB of color #20
   123 0000007E 2A152A              <1> 	db 		0x2a, 0x15, 0x2a
   124 00000081 2A3F00              <1> 	db 		0x2a, 0x3f, 0x00
   125 00000084 2A3F2A              <1> 	db 		0x2a, 0x3f, 0x2a
   126 00000087 001515              <1> 	db 		0x00, 0x15, 0x15    ;RGB of color #24
   127 0000008A 00153F              <1> 	db 		0x00, 0x15, 0x3f
   128 0000008D 003F15              <1> 	db 		0x00, 0x3f, 0x15
   129 00000090 003F3F              <1> 	db 		0x00, 0x3f, 0x3f
   130 00000093 2A1515              <1> 	db 		0x2a, 0x15, 0x15    ;RGB of color #28
   131 00000096 2A153F              <1> 	db 		0x2a, 0x15, 0x3f
   132 00000099 2A3F15              <1> 	db 		0x2a, 0x3f, 0x15
   133 0000009C 2A3F3F              <1> 	db 		0x2a, 0x3f, 0x3f
   134 0000009F 150000              <1> 	db 		0x15, 0x00, 0x00    ;RGB of color #32
   135 000000A2 15002A              <1> 	db 		0x15, 0x00, 0x2a
   136 000000A5 152A00              <1> 	db 		0x15, 0x2a, 0x00
   137 000000A8 152A2A              <1> 	db 		0x15, 0x2a, 0x2a
   138 000000AB 3F0000              <1> 	db 		0x3f, 0x00, 0x00    ;RGB of color #36
   139 000000AE 3F002A              <1> 	db 		0x3f, 0x00, 0x2a
   140 000000B1 3F2A00              <1> 	db 		0x3f, 0x2a, 0x00
   141 000000B4 3F2A2A              <1> 	db 		0x3f, 0x2a, 0x2a
   142 000000B7 150015              <1> 	db 		0x15, 0x00, 0x15    ;RGB of color #40
   143 000000BA 15003F              <1> 	db 		0x15, 0x00, 0x3f
   144 000000BD 152A15              <1> 	db 		0x15, 0x2a, 0x15
   145 000000C0 152A3F              <1> 	db 		0x15, 0x2a, 0x3f
   146 000000C3 3F0015              <1> 	db 		0x3f, 0x00, 0x15    ;RGB of color #44
   147 000000C6 3F003F              <1> 	db 		0x3f, 0x00, 0x3f
   148 000000C9 3F2A15              <1> 	db 		0x3f, 0x2a, 0x15
   149 000000CC 3F2A3F              <1> 	db 		0x3f, 0x2a, 0x3f
   150 000000CF 151500              <1> 	db 		0x15, 0x15, 0x00    ;RGB of color #48
   151 000000D2 15152A              <1> 	db 		0x15, 0x15, 0x2a
   152 000000D5 153F00              <1> 	db 		0x15, 0x3f, 0x00
   153 000000D8 153F2A              <1> 	db 		0x15, 0x3f, 0x2a
   154 000000DB 3F1500              <1> 	db 		0x3f, 0x15, 0x00    ;RGB of color #52
   155 000000DE 3F152A              <1> 	db 		0x3f, 0x15, 0x2a
   156 000000E1 3F3F00              <1> 	db 		0x3f, 0x3f, 0x00
   157 000000E4 3F3F2A              <1> 	db 		0x3f, 0x3f, 0x2a
   158 000000E7 151515              <1> 	db 		0x15, 0x15, 0x15    ;RGB of color #56
   159 000000EA 15153F              <1> 	db 		0x15, 0x15, 0x3f
   160 000000ED 153F15              <1> 	db 		0x15, 0x3f, 0x15
   161 000000F0 153F3F              <1> 	db 		0x15, 0x3f, 0x3f
   162 000000F3 3F1515              <1> 	db 		0x3f, 0x15, 0x15    ;RGB of color #60
   163 000000F6 3F153F              <1> 	db 		0x3f, 0x15, 0x3f
   164 000000F9 3F3F15              <1> 	db 		0x3f, 0x3f, 0x15
   165 000000FC 3F3F3F              <1> 	db 		0x3f, 0x3f, 0x3f
   166                              <1> 
   167                              <1> ;--------------------------------------------------------------------------------
   168                              <1> ; Fonts de dominio público de Joseph Gil
   169                              <1> ;--------------------------------------------------------------------------------
   170                              <1> font16x8:
   171 000000FF 000000000000000000- <1> 	db 0x00, 0x00, 0x00, 0x00, 0x00, 0x00, 0x00, 0x00, 0x00, 0x00, 0x00, 0x00, 0x00, 0x00, 0x00, 0x00
   171 00000108 00000000000000      <1>
   172 0000010F 00007E81A58181BD99- <1> 	db 0x00, 0x00, 0x7e, 0x81, 0xa5, 0x81, 0x81, 0xbd, 0x99, 0x81, 0x81, 0x7e, 0x00, 0x00, 0x00, 0x00
   172 00000118 81817E00000000      <1>
   173 0000011F 00007EFFDBFFFFC3E7- <1> 	db 0x00, 0x00, 0x7e, 0xff, 0xdb, 0xff, 0xff, 0xc3, 0xe7, 0xff, 0xff, 0x7e, 0x00, 0x00, 0x00, 0x00
   173 00000128 FFFF7E00000000      <1>
   174 0000012F 000000006CFEFEFEFE- <1> 	db 0x00, 0x00, 0x00, 0x00, 0x6c, 0xfe, 0xfe, 0xfe, 0xfe, 0x7c, 0x38, 0x10, 0x00, 0x00, 0x00, 0x00
   174 00000138 7C381000000000      <1>
   175 0000013F 0000000010387CFE7C- <1> 	db 0x00, 0x00, 0x00, 0x00, 0x10, 0x38, 0x7c, 0xfe, 0x7c, 0x38, 0x10, 0x00, 0x00, 0x00, 0x00, 0x00
   175 00000148 38100000000000      <1>
   176 0000014F 000000183C3CE7E7E7- <1> 	db 0x00, 0x00, 0x00, 0x18, 0x3c, 0x3c, 0xe7, 0xe7, 0xe7, 0x18, 0x18, 0x3c, 0x00, 0x00, 0x00, 0x00
   176 00000158 18183C00000000      <1>
   177 0000015F 000000183C7EFFFF7E- <1> 	db 0x00, 0x00, 0x00, 0x18, 0x3c, 0x7e, 0xff, 0xff, 0x7e, 0x18, 0x18, 0x3c, 0x00, 0x00, 0x00, 0x00
   177 00000168 18183C00000000      <1>
   178 0000016F 000000000000183C3C- <1> 	db 0x00, 0x00, 0x00, 0x00, 0x00, 0x00, 0x18, 0x3c, 0x3c, 0x18, 0x00, 0x00, 0x00, 0x00, 0x00, 0x00
   178 00000178 18000000000000      <1>
   179 0000017F FFFFFFFFFFFFE7C3C3- <1> 	db 0xff, 0xff, 0xff, 0xff, 0xff, 0xff, 0xe7, 0xc3, 0xc3, 0xe7, 0xff, 0xff, 0xff, 0xff, 0xff, 0xff
   179 00000188 E7FFFFFFFFFFFF      <1>
   180 0000018F 00000000003C664242- <1> 	db 0x00, 0x00, 0x00, 0x00, 0x00, 0x3c, 0x66, 0x42, 0x42, 0x66, 0x3c, 0x00, 0x00, 0x00, 0x00, 0x00
   180 00000198 663C0000000000      <1>
   181 0000019F FFFFFFFFFFC399BDBD- <1> 	db 0xff, 0xff, 0xff, 0xff, 0xff, 0xc3, 0x99, 0xbd, 0xbd, 0x99, 0xc3, 0xff, 0xff, 0xff, 0xff, 0xff
   181 000001A8 99C3FFFFFFFFFF      <1>
   182 000001AF 00001E0E1A3278CCCC- <1> 	db 0x00, 0x00, 0x1e, 0x0e, 0x1a, 0x32, 0x78, 0xcc, 0xcc, 0xcc, 0xcc, 0x78, 0x00, 0x00, 0x00, 0x00
   182 000001B8 CCCC7800000000      <1>
   183 000001BF 00003C666666663C18- <1> 	db 0x00, 0x00, 0x3c, 0x66, 0x66, 0x66, 0x66, 0x3c, 0x18, 0x7e, 0x18, 0x18, 0x00, 0x00, 0x00, 0x00
   183 000001C8 7E181800000000      <1>
   184 000001CF 00003F333F30303030- <1> 	db 0x00, 0x00, 0x3f, 0x33, 0x3f, 0x30, 0x30, 0x30, 0x30, 0x70, 0xf0, 0xe0, 0x00, 0x00, 0x00, 0x00
   184 000001D8 70F0E000000000      <1>
   185 000001DF 00007F637F63636363- <1> 	db 0x00, 0x00, 0x7f, 0x63, 0x7f, 0x63, 0x63, 0x63, 0x63, 0x67, 0xe7, 0xe6, 0xc0, 0x00, 0x00, 0x00
   185 000001E8 67E7E6C0000000      <1>
   186 000001EF 0000001818DB3CE73C- <1> 	db 0x00, 0x00, 0x00, 0x18, 0x18, 0xdb, 0x3c, 0xe7, 0x3c, 0xdb, 0x18, 0x18, 0x00, 0x00, 0x00, 0x00
   186 000001F8 DB181800000000      <1>
   187 000001FF 0080C0E0F0F8FEF8F0- <1> 	db 0x00, 0x80, 0xc0, 0xe0, 0xf0, 0xf8, 0xfe, 0xf8, 0xf0, 0xe0, 0xc0, 0x80, 0x00, 0x00, 0x00, 0x00
   187 00000208 E0C08000000000      <1>
   188 0000020F 0002060E1E3EFE3E1E- <1> 	db 0x00, 0x02, 0x06, 0x0e, 0x1e, 0x3e, 0xfe, 0x3e, 0x1e, 0x0e, 0x06, 0x02, 0x00, 0x00, 0x00, 0x00
   188 00000218 0E060200000000      <1>
   189 0000021F 0000183C7E1818187E- <1> 	db 0x00, 0x00, 0x18, 0x3c, 0x7e, 0x18, 0x18, 0x18, 0x7e, 0x3c, 0x18, 0x00, 0x00, 0x00, 0x00, 0x00
   189 00000228 3C180000000000      <1>
   190 0000022F 000066666666666666- <1> 	db 0x00, 0x00, 0x66, 0x66, 0x66, 0x66, 0x66, 0x66, 0x66, 0x00, 0x66, 0x66, 0x00, 0x00, 0x00, 0x00
   190 00000238 00666600000000      <1>
   191 0000023F 00007FDBDBDB7B1B1B- <1> 	db 0x00, 0x00, 0x7f, 0xdb, 0xdb, 0xdb, 0x7b, 0x1b, 0x1b, 0x1b, 0x1b, 0x1b, 0x00, 0x00, 0x00, 0x00
   191 00000248 1B1B1B00000000      <1>
   192 0000024F 007CC660386CC6C66C- <1> 	db 0x00, 0x7c, 0xc6, 0x60, 0x38, 0x6c, 0xc6, 0xc6, 0x6c, 0x38, 0x0c, 0xc6, 0x7c, 0x00, 0x00, 0x00
   192 00000258 380CC67C000000      <1>
   193 0000025F 0000000000000000FE- <1> 	db 0x00, 0x00, 0x00, 0x00, 0x00, 0x00, 0x00, 0x00, 0xfe, 0xfe, 0xfe, 0xfe, 0x00, 0x00, 0x00, 0x00
   193 00000268 FEFEFE00000000      <1>
   194 0000026F 0000183C7E1818187E- <1> 	db 0x00, 0x00, 0x18, 0x3c, 0x7e, 0x18, 0x18, 0x18, 0x7e, 0x3c, 0x18, 0x7e, 0x00, 0x00, 0x00, 0x00
   194 00000278 3C187E00000000      <1>
   195 0000027F 0000183C7E18181818- <1> 	db 0x00, 0x00, 0x18, 0x3c, 0x7e, 0x18, 0x18, 0x18, 0x18, 0x18, 0x18, 0x18, 0x00, 0x00, 0x00, 0x00
   195 00000288 18181800000000      <1>
   196 0000028F 000018181818181818- <1> 	db 0x00, 0x00, 0x18, 0x18, 0x18, 0x18, 0x18, 0x18, 0x18, 0x7e, 0x3c, 0x18, 0x00, 0x00, 0x00, 0x00
   196 00000298 7E3C1800000000      <1>
   197 0000029F 0000000000180CFE0C- <1> 	db 0x00, 0x00, 0x00, 0x00, 0x00, 0x18, 0x0c, 0xfe, 0x0c, 0x18, 0x00, 0x00, 0x00, 0x00, 0x00, 0x00
   197 000002A8 18000000000000      <1>
   198 000002AF 00000000003060FE60- <1> 	db 0x00, 0x00, 0x00, 0x00, 0x00, 0x30, 0x60, 0xfe, 0x60, 0x30, 0x00, 0x00, 0x00, 0x00, 0x00, 0x00
   198 000002B8 30000000000000      <1>
   199 000002BF 000000000000C0C0C0- <1> 	db 0x00, 0x00, 0x00, 0x00, 0x00, 0x00, 0xc0, 0xc0, 0xc0, 0xfe, 0x00, 0x00, 0x00, 0x00, 0x00, 0x00
   199 000002C8 FE000000000000      <1>
   200 000002CF 00000000002466FF66- <1> 	db 0x00, 0x00, 0x00, 0x00, 0x00, 0x24, 0x66, 0xff, 0x66, 0x24, 0x00, 0x00, 0x00, 0x00, 0x00, 0x00
   200 000002D8 24000000000000      <1>
   201 000002DF 000000001038387C7C- <1> 	db 0x00, 0x00, 0x00, 0x00, 0x10, 0x38, 0x38, 0x7c, 0x7c, 0xfe, 0xfe, 0x00, 0x00, 0x00, 0x00, 0x00
   201 000002E8 FEFE0000000000      <1>
   202 000002EF 00000000FEFE7C7C38- <1> 	db 0x00, 0x00, 0x00, 0x00, 0xfe, 0xfe, 0x7c, 0x7c, 0x38, 0x38, 0x10, 0x00, 0x00, 0x00, 0x00, 0x00
   202 000002F8 38100000000000      <1>
   203 000002FF 000000000000000000- <1> 	db 0x00, 0x00, 0x00, 0x00, 0x00, 0x00, 0x00, 0x00, 0x00, 0x00, 0x00, 0x00, 0x00, 0x00, 0x00, 0x00
   203 00000308 00000000000000      <1>
   204 0000030F 0000183C3C3C181818- <1> 	db 0x00, 0x00, 0x18, 0x3c, 0x3c, 0x3c, 0x18, 0x18, 0x18, 0x00, 0x18, 0x18, 0x00, 0x00, 0x00, 0x00
   204 00000318 00181800000000      <1>
   205 0000031F 006666662400000000- <1> 	db 0x00, 0x66, 0x66, 0x66, 0x24, 0x00, 0x00, 0x00, 0x00, 0x00, 0x00, 0x00, 0x00, 0x00, 0x00, 0x00
   205 00000328 00000000000000      <1>
   206 0000032F 0000006C6CFE6C6C6C- <1> 	db 0x00, 0x00, 0x00, 0x6c, 0x6c, 0xfe, 0x6c, 0x6c, 0x6c, 0xfe, 0x6c, 0x6c, 0x00, 0x00, 0x00, 0x00
   206 00000338 FE6C6C00000000      <1>
   207 0000033F 18187CC6C2C07C0606- <1> 	db 0x18, 0x18, 0x7c, 0xc6, 0xc2, 0xc0, 0x7c, 0x06, 0x06, 0x86, 0xc6, 0x7c, 0x18, 0x18, 0x00, 0x00
   207 00000348 86C67C18180000      <1>
   208 0000034F 00000000C2C60C1830- <1> 	db 0x00, 0x00, 0x00, 0x00, 0xc2, 0xc6, 0x0c, 0x18, 0x30, 0x60, 0xc6, 0x86, 0x00, 0x00, 0x00, 0x00
   208 00000358 60C68600000000      <1>
   209 0000035F 0000386C6C3876DCCC- <1> 	db 0x00, 0x00, 0x38, 0x6c, 0x6c, 0x38, 0x76, 0xdc, 0xcc, 0xcc, 0xcc, 0x76, 0x00, 0x00, 0x00, 0x00
   209 00000368 CCCC7600000000      <1>
   210 0000036F 003030306000000000- <1> 	db 0x00, 0x30, 0x30, 0x30, 0x60, 0x00, 0x00, 0x00, 0x00, 0x00, 0x00, 0x00, 0x00, 0x00, 0x00, 0x00
   210 00000378 00000000000000      <1>
   211 0000037F 00000C183030303030- <1> 	db 0x00, 0x00, 0x0c, 0x18, 0x30, 0x30, 0x30, 0x30, 0x30, 0x30, 0x18, 0x0c, 0x00, 0x00, 0x00, 0x00
   211 00000388 30180C00000000      <1>
   212 0000038F 000030180C0C0C0C0C- <1> 	db 0x00, 0x00, 0x30, 0x18, 0x0c, 0x0c, 0x0c, 0x0c, 0x0c, 0x0c, 0x18, 0x30, 0x00, 0x00, 0x00, 0x00
   212 00000398 0C183000000000      <1>
   213 0000039F 0000000000663CFF3C- <1> 	db 0x00, 0x00, 0x00, 0x00, 0x00, 0x66, 0x3c, 0xff, 0x3c, 0x66, 0x00, 0x00, 0x00, 0x00, 0x00, 0x00
   213 000003A8 66000000000000      <1>
   214 000003AF 000000000018187E18- <1> 	db 0x00, 0x00, 0x00, 0x00, 0x00, 0x18, 0x18, 0x7e, 0x18, 0x18, 0x00, 0x00, 0x00, 0x00, 0x00, 0x00
   214 000003B8 18000000000000      <1>
   215 000003BF 000000000000000000- <1> 	db 0x00, 0x00, 0x00, 0x00, 0x00, 0x00, 0x00, 0x00, 0x00, 0x18, 0x18, 0x18, 0x30, 0x00, 0x00, 0x00
   215 000003C8 18181830000000      <1>
   216 000003CF 00000000000000FE00- <1> 	db 0x00, 0x00, 0x00, 0x00, 0x00, 0x00, 0x00, 0xfe, 0x00, 0x00, 0x00, 0x00, 0x00, 0x00, 0x00, 0x00
   216 000003D8 00000000000000      <1>
   217 000003DF 000000000000000000- <1> 	db 0x00, 0x00, 0x00, 0x00, 0x00, 0x00, 0x00, 0x00, 0x00, 0x00, 0x18, 0x18, 0x00, 0x00, 0x00, 0x00
   217 000003E8 00181800000000      <1>
   218 000003EF 0000000002060C1830- <1> 	db 0x00, 0x00, 0x00, 0x00, 0x02, 0x06, 0x0c, 0x18, 0x30, 0x60, 0xc0, 0x80, 0x00, 0x00, 0x00, 0x00
   218 000003F8 60C08000000000      <1>
   219 000003FF 00003C66C3C3DBDBC3- <1> 	db 0x00, 0x00, 0x3c, 0x66, 0xc3, 0xc3, 0xdb, 0xdb, 0xc3, 0xc3, 0x66, 0x3c, 0x00, 0x00, 0x00, 0x00
   219 00000408 C3663C00000000      <1>
   220 0000040F 000018387818181818- <1> 	db 0x00, 0x00, 0x18, 0x38, 0x78, 0x18, 0x18, 0x18, 0x18, 0x18, 0x18, 0x7e, 0x00, 0x00, 0x00, 0x00
   220 00000418 18187E00000000      <1>
   221 0000041F 00007CC6060C183060- <1> 	db 0x00, 0x00, 0x7c, 0xc6, 0x06, 0x0c, 0x18, 0x30, 0x60, 0xc0, 0xc6, 0xfe, 0x00, 0x00, 0x00, 0x00
   221 00000428 C0C6FE00000000      <1>
   222 0000042F 00007CC606063C0606- <1> 	db 0x00, 0x00, 0x7c, 0xc6, 0x06, 0x06, 0x3c, 0x06, 0x06, 0x06, 0xc6, 0x7c, 0x00, 0x00, 0x00, 0x00
   222 00000438 06C67C00000000      <1>
   223 0000043F 00000C1C3C6CCCFE0C- <1> 	db 0x00, 0x00, 0x0c, 0x1c, 0x3c, 0x6c, 0xcc, 0xfe, 0x0c, 0x0c, 0x0c, 0x1e, 0x00, 0x00, 0x00, 0x00
   223 00000448 0C0C1E00000000      <1>
   224 0000044F 0000FEC0C0C0FC0606- <1> 	db 0x00, 0x00, 0xfe, 0xc0, 0xc0, 0xc0, 0xfc, 0x06, 0x06, 0x06, 0xc6, 0x7c, 0x00, 0x00, 0x00, 0x00
   224 00000458 06C67C00000000      <1>
   225 0000045F 00003860C0C0FCC6C6- <1> 	db 0x00, 0x00, 0x38, 0x60, 0xc0, 0xc0, 0xfc, 0xc6, 0xc6, 0xc6, 0xc6, 0x7c, 0x00, 0x00, 0x00, 0x00
   225 00000468 C6C67C00000000      <1>
   226 0000046F 0000FEC606060C1830- <1> 	db 0x00, 0x00, 0xfe, 0xc6, 0x06, 0x06, 0x0c, 0x18, 0x30, 0x30, 0x30, 0x30, 0x00, 0x00, 0x00, 0x00
   226 00000478 30303000000000      <1>
   227 0000047F 00007CC6C6C67CC6C6- <1> 	db 0x00, 0x00, 0x7c, 0xc6, 0xc6, 0xc6, 0x7c, 0xc6, 0xc6, 0xc6, 0xc6, 0x7c, 0x00, 0x00, 0x00, 0x00
   227 00000488 C6C67C00000000      <1>
   228 0000048F 00007CC6C6C67E0606- <1> 	db 0x00, 0x00, 0x7c, 0xc6, 0xc6, 0xc6, 0x7e, 0x06, 0x06, 0x06, 0x0c, 0x78, 0x00, 0x00, 0x00, 0x00
   228 00000498 060C7800000000      <1>
   229 0000049F 000000001818000000- <1> 	db 0x00, 0x00, 0x00, 0x00, 0x18, 0x18, 0x00, 0x00, 0x00, 0x18, 0x18, 0x00, 0x00, 0x00, 0x00, 0x00
   229 000004A8 18180000000000      <1>
   230 000004AF 000000001818000000- <1> 	db 0x00, 0x00, 0x00, 0x00, 0x18, 0x18, 0x00, 0x00, 0x00, 0x18, 0x18, 0x30, 0x00, 0x00, 0x00, 0x00
   230 000004B8 18183000000000      <1>
   231 000004BF 000000060C18306030- <1> 	db 0x00, 0x00, 0x00, 0x06, 0x0c, 0x18, 0x30, 0x60, 0x30, 0x18, 0x0c, 0x06, 0x00, 0x00, 0x00, 0x00
   231 000004C8 180C0600000000      <1>
   232 000004CF 00000000007E00007E- <1> 	db 0x00, 0x00, 0x00, 0x00, 0x00, 0x7e, 0x00, 0x00, 0x7e, 0x00, 0x00, 0x00, 0x00, 0x00, 0x00, 0x00
   232 000004D8 00000000000000      <1>
   233 000004DF 0000006030180C060C- <1> 	db 0x00, 0x00, 0x00, 0x60, 0x30, 0x18, 0x0c, 0x06, 0x0c, 0x18, 0x30, 0x60, 0x00, 0x00, 0x00, 0x00
   233 000004E8 18306000000000      <1>
   234 000004EF 00007CC6C60C181818- <1> 	db 0x00, 0x00, 0x7c, 0xc6, 0xc6, 0x0c, 0x18, 0x18, 0x18, 0x00, 0x18, 0x18, 0x00, 0x00, 0x00, 0x00
   234 000004F8 00181800000000      <1>
   235 000004FF 0000007CC6C6DEDEDE- <1> 	db 0x00, 0x00, 0x00, 0x7c, 0xc6, 0xc6, 0xde, 0xde, 0xde, 0xdc, 0xc0, 0x7c, 0x00, 0x00, 0x00, 0x00
   235 00000508 DCC07C00000000      <1>
   236 0000050F 000010386CC6C6FEC6- <1> 	db 0x00, 0x00, 0x10, 0x38, 0x6c, 0xc6, 0xc6, 0xfe, 0xc6, 0xc6, 0xc6, 0xc6, 0x00, 0x00, 0x00, 0x00
   236 00000518 C6C6C600000000      <1>
   237 0000051F 0000FC6666667C6666- <1> 	db 0x00, 0x00, 0xfc, 0x66, 0x66, 0x66, 0x7c, 0x66, 0x66, 0x66, 0x66, 0xfc, 0x00, 0x00, 0x00, 0x00
   237 00000528 6666FC00000000      <1>
   238 0000052F 00003C66C2C0C0C0C0- <1> 	db 0x00, 0x00, 0x3c, 0x66, 0xc2, 0xc0, 0xc0, 0xc0, 0xc0, 0xc2, 0x66, 0x3c, 0x00, 0x00, 0x00, 0x00
   238 00000538 C2663C00000000      <1>
   239 0000053F 0000F86C6666666666- <1> 	db 0x00, 0x00, 0xf8, 0x6c, 0x66, 0x66, 0x66, 0x66, 0x66, 0x66, 0x6c, 0xf8, 0x00, 0x00, 0x00, 0x00
   239 00000548 666CF800000000      <1>
   240 0000054F 0000FE666268786860- <1> 	db 0x00, 0x00, 0xfe, 0x66, 0x62, 0x68, 0x78, 0x68, 0x60, 0x62, 0x66, 0xfe, 0x00, 0x00, 0x00, 0x00
   240 00000558 6266FE00000000      <1>
   241 0000055F 0000FE666268786860- <1> 	db 0x00, 0x00, 0xfe, 0x66, 0x62, 0x68, 0x78, 0x68, 0x60, 0x60, 0x60, 0xf0, 0x00, 0x00, 0x00, 0x00
   241 00000568 6060F000000000      <1>
   242 0000056F 00003C66C2C0C0DEC6- <1> 	db 0x00, 0x00, 0x3c, 0x66, 0xc2, 0xc0, 0xc0, 0xde, 0xc6, 0xc6, 0x66, 0x3a, 0x00, 0x00, 0x00, 0x00
   242 00000578 C6663A00000000      <1>
   243 0000057F 0000C6C6C6C6FEC6C6- <1> 	db 0x00, 0x00, 0xc6, 0xc6, 0xc6, 0xc6, 0xfe, 0xc6, 0xc6, 0xc6, 0xc6, 0xc6, 0x00, 0x00, 0x00, 0x00
   243 00000588 C6C6C600000000      <1>
   244 0000058F 00003C181818181818- <1> 	db 0x00, 0x00, 0x3c, 0x18, 0x18, 0x18, 0x18, 0x18, 0x18, 0x18, 0x18, 0x3c, 0x00, 0x00, 0x00, 0x00
   244 00000598 18183C00000000      <1>
   245 0000059F 00001E0C0C0C0C0CCC- <1> 	db 0x00, 0x00, 0x1e, 0x0c, 0x0c, 0x0c, 0x0c, 0x0c, 0xcc, 0xcc, 0xcc, 0x78, 0x00, 0x00, 0x00, 0x00
   245 000005A8 CCCC7800000000      <1>
   246 000005AF 0000E666666C78786C- <1> 	db 0x00, 0x00, 0xe6, 0x66, 0x66, 0x6c, 0x78, 0x78, 0x6c, 0x66, 0x66, 0xe6, 0x00, 0x00, 0x00, 0x00
   246 000005B8 6666E600000000      <1>
   247 000005BF 0000F0606060606060- <1> 	db 0x00, 0x00, 0xf0, 0x60, 0x60, 0x60, 0x60, 0x60, 0x60, 0x62, 0x66, 0xfe, 0x00, 0x00, 0x00, 0x00
   247 000005C8 6266FE00000000      <1>
   248 000005CF 0000C3E7FFFFDBC3C3- <1> 	db 0x00, 0x00, 0xc3, 0xe7, 0xff, 0xff, 0xdb, 0xc3, 0xc3, 0xc3, 0xc3, 0xc3, 0x00, 0x00, 0x00, 0x00
   248 000005D8 C3C3C300000000      <1>
   249 000005DF 0000C6E6F6FEDECEC6- <1> 	db 0x00, 0x00, 0xc6, 0xe6, 0xf6, 0xfe, 0xde, 0xce, 0xc6, 0xc6, 0xc6, 0xc6, 0x00, 0x00, 0x00, 0x00
   249 000005E8 C6C6C600000000      <1>
   250 000005EF 00007CC6C6C6C6C6C6- <1> 	db 0x00, 0x00, 0x7c, 0xc6, 0xc6, 0xc6, 0xc6, 0xc6, 0xc6, 0xc6, 0xc6, 0x7c, 0x00, 0x00, 0x00, 0x00
   250 000005F8 C6C67C00000000      <1>
   251 000005FF 0000FC6666667C6060- <1> 	db 0x00, 0x00, 0xfc, 0x66, 0x66, 0x66, 0x7c, 0x60, 0x60, 0x60, 0x60, 0xf0, 0x00, 0x00, 0x00, 0x00
   251 00000608 6060F000000000      <1>
   252 0000060F 00007CC6C6C6C6C6C6- <1> 	db 0x00, 0x00, 0x7c, 0xc6, 0xc6, 0xc6, 0xc6, 0xc6, 0xc6, 0xd6, 0xde, 0x7c, 0x0c, 0x0e, 0x00, 0x00
   252 00000618 D6DE7C0C0E0000      <1>
   253 0000061F 0000FC6666667C6C66- <1> 	db 0x00, 0x00, 0xfc, 0x66, 0x66, 0x66, 0x7c, 0x6c, 0x66, 0x66, 0x66, 0xe6, 0x00, 0x00, 0x00, 0x00
   253 00000628 6666E600000000      <1>
   254 0000062F 00007CC6C660380C06- <1> 	db 0x00, 0x00, 0x7c, 0xc6, 0xc6, 0x60, 0x38, 0x0c, 0x06, 0xc6, 0xc6, 0x7c, 0x00, 0x00, 0x00, 0x00
   254 00000638 C6C67C00000000      <1>
   255 0000063F 0000FFDB9918181818- <1> 	db 0x00, 0x00, 0xff, 0xdb, 0x99, 0x18, 0x18, 0x18, 0x18, 0x18, 0x18, 0x3c, 0x00, 0x00, 0x00, 0x00
   255 00000648 18183C00000000      <1>
   256 0000064F 0000C6C6C6C6C6C6C6- <1> 	db 0x00, 0x00, 0xc6, 0xc6, 0xc6, 0xc6, 0xc6, 0xc6, 0xc6, 0xc6, 0xc6, 0x7c, 0x00, 0x00, 0x00, 0x00
   256 00000658 C6C67C00000000      <1>
   257 0000065F 0000C3C3C3C3C3C3C3- <1> 	db 0x00, 0x00, 0xc3, 0xc3, 0xc3, 0xc3, 0xc3, 0xc3, 0xc3, 0x66, 0x3c, 0x18, 0x00, 0x00, 0x00, 0x00
   257 00000668 663C1800000000      <1>
   258 0000066F 0000C3C3C3C3C3DBDB- <1> 	db 0x00, 0x00, 0xc3, 0xc3, 0xc3, 0xc3, 0xc3, 0xdb, 0xdb, 0xff, 0x66, 0x66, 0x00, 0x00, 0x00, 0x00
   258 00000678 FF666600000000      <1>
   259 0000067F 0000C3C3663C18183C- <1> 	db 0x00, 0x00, 0xc3, 0xc3, 0x66, 0x3c, 0x18, 0x18, 0x3c, 0x66, 0xc3, 0xc3, 0x00, 0x00, 0x00, 0x00
   259 00000688 66C3C300000000      <1>
   260 0000068F 0000C3C3C3663C1818- <1> 	db 0x00, 0x00, 0xc3, 0xc3, 0xc3, 0x66, 0x3c, 0x18, 0x18, 0x18, 0x18, 0x3c, 0x00, 0x00, 0x00, 0x00
   260 00000698 18183C00000000      <1>
   261 0000069F 0000FFC3860C183060- <1> 	db 0x00, 0x00, 0xff, 0xc3, 0x86, 0x0c, 0x18, 0x30, 0x60, 0xc1, 0xc3, 0xff, 0x00, 0x00, 0x00, 0x00
   261 000006A8 C1C3FF00000000      <1>
   262 000006AF 00003C303030303030- <1> 	db 0x00, 0x00, 0x3c, 0x30, 0x30, 0x30, 0x30, 0x30, 0x30, 0x30, 0x30, 0x3c, 0x00, 0x00, 0x00, 0x00
   262 000006B8 30303C00000000      <1>
   263 000006BF 00000080C0E070381C- <1> 	db 0x00, 0x00, 0x00, 0x80, 0xc0, 0xe0, 0x70, 0x38, 0x1c, 0x0e, 0x06, 0x02, 0x00, 0x00, 0x00, 0x00
   263 000006C8 0E060200000000      <1>
   264 000006CF 00003C0C0C0C0C0C0C- <1> 	db 0x00, 0x00, 0x3c, 0x0c, 0x0c, 0x0c, 0x0c, 0x0c, 0x0c, 0x0c, 0x0c, 0x3c, 0x00, 0x00, 0x00, 0x00
   264 000006D8 0C0C3C00000000      <1>
   265 000006DF 10386CC60000000000- <1> 	db 0x10, 0x38, 0x6c, 0xc6, 0x00, 0x00, 0x00, 0x00, 0x00, 0x00, 0x00, 0x00, 0x00, 0x00, 0x00, 0x00
   265 000006E8 00000000000000      <1>
   266 000006EF 000000000000000000- <1> 	db 0x00, 0x00, 0x00, 0x00, 0x00, 0x00, 0x00, 0x00, 0x00, 0x00, 0x00, 0x00, 0x00, 0xff, 0x00, 0x00
   266 000006F8 00000000FF0000      <1>
   267 000006FF 303018000000000000- <1> 	db 0x30, 0x30, 0x18, 0x00, 0x00, 0x00, 0x00, 0x00, 0x00, 0x00, 0x00, 0x00, 0x00, 0x00, 0x00, 0x00
   267 00000708 00000000000000      <1>
   268 0000070F 0000000000780C7CCC- <1> 	db 0x00, 0x00, 0x00, 0x00, 0x00, 0x78, 0x0c, 0x7c, 0xcc, 0xcc, 0xcc, 0x76, 0x00, 0x00, 0x00, 0x00
   268 00000718 CCCC7600000000      <1>
   269 0000071F 0000E06060786C6666- <1> 	db 0x00, 0x00, 0xe0, 0x60, 0x60, 0x78, 0x6c, 0x66, 0x66, 0x66, 0x66, 0x7c, 0x00, 0x00, 0x00, 0x00
   269 00000728 66667C00000000      <1>
   270 0000072F 00000000007CC6C0C0- <1> 	db 0x00, 0x00, 0x00, 0x00, 0x00, 0x7c, 0xc6, 0xc0, 0xc0, 0xc0, 0xc6, 0x7c, 0x00, 0x00, 0x00, 0x00
   270 00000738 C0C67C00000000      <1>
   271 0000073F 00001C0C0C3C6CCCCC- <1> 	db 0x00, 0x00, 0x1c, 0x0c, 0x0c, 0x3c, 0x6c, 0xcc, 0xcc, 0xcc, 0xcc, 0x76, 0x00, 0x00, 0x00, 0x00
   271 00000748 CCCC7600000000      <1>
   272 0000074F 00000000007CC6FEC0- <1> 	db 0x00, 0x00, 0x00, 0x00, 0x00, 0x7c, 0xc6, 0xfe, 0xc0, 0xc0, 0xc6, 0x7c, 0x00, 0x00, 0x00, 0x00
   272 00000758 C0C67C00000000      <1>
   273 0000075F 0000386C6460F06060- <1> 	db 0x00, 0x00, 0x38, 0x6c, 0x64, 0x60, 0xf0, 0x60, 0x60, 0x60, 0x60, 0xf0, 0x00, 0x00, 0x00, 0x00
   273 00000768 6060F000000000      <1>
   274 0000076F 000000000076CCCCCC- <1> 	db 0x00, 0x00, 0x00, 0x00, 0x00, 0x76, 0xcc, 0xcc, 0xcc, 0xcc, 0xcc, 0x7c, 0x0c, 0xcc, 0x78, 0x00
   274 00000778 CCCC7C0CCC7800      <1>
   275 0000077F 0000E060606C766666- <1> 	db 0x00, 0x00, 0xe0, 0x60, 0x60, 0x6c, 0x76, 0x66, 0x66, 0x66, 0x66, 0xe6, 0x00, 0x00, 0x00, 0x00
   275 00000788 6666E600000000      <1>
   276 0000078F 000018180038181818- <1> 	db 0x00, 0x00, 0x18, 0x18, 0x00, 0x38, 0x18, 0x18, 0x18, 0x18, 0x18, 0x3c, 0x00, 0x00, 0x00, 0x00
   276 00000798 18183C00000000      <1>
   277 0000079F 00000606000E060606- <1> 	db 0x00, 0x00, 0x06, 0x06, 0x00, 0x0e, 0x06, 0x06, 0x06, 0x06, 0x06, 0x06, 0x66, 0x66, 0x3c, 0x00
   277 000007A8 06060666663C00      <1>
   278 000007AF 0000E06060666C7878- <1> 	db 0x00, 0x00, 0xe0, 0x60, 0x60, 0x66, 0x6c, 0x78, 0x78, 0x6c, 0x66, 0xe6, 0x00, 0x00, 0x00, 0x00
   278 000007B8 6C66E600000000      <1>
   279 000007BF 000038181818181818- <1> 	db 0x00, 0x00, 0x38, 0x18, 0x18, 0x18, 0x18, 0x18, 0x18, 0x18, 0x18, 0x3c, 0x00, 0x00, 0x00, 0x00
   279 000007C8 18183C00000000      <1>
   280 000007CF 0000000000E6FFDBDB- <1> 	db 0x00, 0x00, 0x00, 0x00, 0x00, 0xe6, 0xff, 0xdb, 0xdb, 0xdb, 0xdb, 0xdb, 0x00, 0x00, 0x00, 0x00
   280 000007D8 DBDBDB00000000      <1>
   281 000007DF 0000000000DC666666- <1> 	db 0x00, 0x00, 0x00, 0x00, 0x00, 0xdc, 0x66, 0x66, 0x66, 0x66, 0x66, 0x66, 0x00, 0x00, 0x00, 0x00
   281 000007E8 66666600000000      <1>
   282 000007EF 00000000007CC6C6C6- <1> 	db 0x00, 0x00, 0x00, 0x00, 0x00, 0x7c, 0xc6, 0xc6, 0xc6, 0xc6, 0xc6, 0x7c, 0x00, 0x00, 0x00, 0x00
   282 000007F8 C6C67C00000000      <1>
   283 000007FF 0000000000DC666666- <1> 	db 0x00, 0x00, 0x00, 0x00, 0x00, 0xdc, 0x66, 0x66, 0x66, 0x66, 0x66, 0x7c, 0x60, 0x60, 0xf0, 0x00
   283 00000808 66667C6060F000      <1>
   284 0000080F 000000000076CCCCCC- <1> 	db 0x00, 0x00, 0x00, 0x00, 0x00, 0x76, 0xcc, 0xcc, 0xcc, 0xcc, 0xcc, 0x7c, 0x0c, 0x0c, 0x1e, 0x00
   284 00000818 CCCC7C0C0C1E00      <1>
   285 0000081F 0000000000DC766660- <1> 	db 0x00, 0x00, 0x00, 0x00, 0x00, 0xdc, 0x76, 0x66, 0x60, 0x60, 0x60, 0xf0, 0x00, 0x00, 0x00, 0x00
   285 00000828 6060F000000000      <1>
   286 0000082F 00000000007CC66038- <1> 	db 0x00, 0x00, 0x00, 0x00, 0x00, 0x7c, 0xc6, 0x60, 0x38, 0x0c, 0xc6, 0x7c, 0x00, 0x00, 0x00, 0x00
   286 00000838 0CC67C00000000      <1>
   287 0000083F 0000103030FC303030- <1> 	db 0x00, 0x00, 0x10, 0x30, 0x30, 0xfc, 0x30, 0x30, 0x30, 0x30, 0x36, 0x1c, 0x00, 0x00, 0x00, 0x00
   287 00000848 30361C00000000      <1>
   288 0000084F 0000000000CCCCCCCC- <1> 	db 0x00, 0x00, 0x00, 0x00, 0x00, 0xcc, 0xcc, 0xcc, 0xcc, 0xcc, 0xcc, 0x76, 0x00, 0x00, 0x00, 0x00
   288 00000858 CCCC7600000000      <1>
   289 0000085F 0000000000C3C3C3C3- <1> 	db 0x00, 0x00, 0x00, 0x00, 0x00, 0xc3, 0xc3, 0xc3, 0xc3, 0x66, 0x3c, 0x18, 0x00, 0x00, 0x00, 0x00
   289 00000868 663C1800000000      <1>
   290 0000086F 0000000000C3C3C3DB- <1> 	db 0x00, 0x00, 0x00, 0x00, 0x00, 0xc3, 0xc3, 0xc3, 0xdb, 0xdb, 0xff, 0x66, 0x00, 0x00, 0x00, 0x00
   290 00000878 DBFF6600000000      <1>
   291 0000087F 0000000000C3663C18- <1> 	db 0x00, 0x00, 0x00, 0x00, 0x00, 0xc3, 0x66, 0x3c, 0x18, 0x3c, 0x66, 0xc3, 0x00, 0x00, 0x00, 0x00
   291 00000888 3C66C300000000      <1>
   292 0000088F 0000000000C6C6C6C6- <1> 	db 0x00, 0x00, 0x00, 0x00, 0x00, 0xc6, 0xc6, 0xc6, 0xc6, 0xc6, 0xc6, 0x7e, 0x06, 0x0c, 0xf8, 0x00
   292 00000898 C6C67E060CF800      <1>
   293 0000089F 0000000000FECC1830- <1> 	db 0x00, 0x00, 0x00, 0x00, 0x00, 0xfe, 0xcc, 0x18, 0x30, 0x60, 0xc6, 0xfe, 0x00, 0x00, 0x00, 0x00
   293 000008A8 60C6FE00000000      <1>
   294 000008AF 00000E181818701818- <1> 	db 0x00, 0x00, 0x0e, 0x18, 0x18, 0x18, 0x70, 0x18, 0x18, 0x18, 0x18, 0x0e, 0x00, 0x00, 0x00, 0x00
   294 000008B8 18180E00000000      <1>
   295 000008BF 000018181818001818- <1> 	db 0x00, 0x00, 0x18, 0x18, 0x18, 0x18, 0x00, 0x18, 0x18, 0x18, 0x18, 0x18, 0x00, 0x00, 0x00, 0x00
   295 000008C8 18181800000000      <1>
   296 000008CF 0000701818180E1818- <1> 	db 0x00, 0x00, 0x70, 0x18, 0x18, 0x18, 0x0e, 0x18, 0x18, 0x18, 0x18, 0x70, 0x00, 0x00, 0x00, 0x00
   296 000008D8 18187000000000      <1>
   297 000008DF 000076DC0000000000- <1> 	db 0x00, 0x00, 0x76, 0xdc, 0x00, 0x00, 0x00, 0x00, 0x00, 0x00, 0x00, 0x00, 0x00, 0x00, 0x00, 0x00
   297 000008E8 00000000000000      <1>
   298 000008EF 0000000010386CC6C6- <1> 	db 0x00, 0x00, 0x00, 0x00, 0x10, 0x38, 0x6c, 0xc6, 0xc6, 0xc6, 0xfe, 0x00, 0x00, 0x00, 0x00, 0x00
   298 000008F8 C6FE0000000000      <1>
   299 000008FF 00003C66C2C0C0C0C2- <1> 	db 0x00, 0x00, 0x3c, 0x66, 0xc2, 0xc0, 0xc0, 0xc0, 0xc2, 0x66, 0x3c, 0x0c, 0x06, 0x7c, 0x00, 0x00
   299 00000908 663C0C067C0000      <1>
   300 0000090F 0000CC0000CCCCCCCC- <1> 	db 0x00, 0x00, 0xcc, 0x00, 0x00, 0xcc, 0xcc, 0xcc, 0xcc, 0xcc, 0xcc, 0x76, 0x00, 0x00, 0x00, 0x00
   300 00000918 CCCC7600000000      <1>
   301 0000091F 000C1830007CC6FEC0- <1> 	db 0x00, 0x0c, 0x18, 0x30, 0x00, 0x7c, 0xc6, 0xfe, 0xc0, 0xc0, 0xc6, 0x7c, 0x00, 0x00, 0x00, 0x00
   301 00000928 C0C67C00000000      <1>
   302 0000092F 0010386C00780C7CCC- <1> 	db 0x00, 0x10, 0x38, 0x6c, 0x00, 0x78, 0x0c, 0x7c, 0xcc, 0xcc, 0xcc, 0x76, 0x00, 0x00, 0x00, 0x00
   302 00000938 CCCC7600000000      <1>
   303 0000093F 0000CC0000780C7CCC- <1> 	db 0x00, 0x00, 0xcc, 0x00, 0x00, 0x78, 0x0c, 0x7c, 0xcc, 0xcc, 0xcc, 0x76, 0x00, 0x00, 0x00, 0x00
   303 00000948 CCCC7600000000      <1>
   304 0000094F 0060301800780C7CCC- <1> 	db 0x00, 0x60, 0x30, 0x18, 0x00, 0x78, 0x0c, 0x7c, 0xcc, 0xcc, 0xcc, 0x76, 0x00, 0x00, 0x00, 0x00
   304 00000958 CCCC7600000000      <1>
   305 0000095F 00386C3800780C7CCC- <1> 	db 0x00, 0x38, 0x6c, 0x38, 0x00, 0x78, 0x0c, 0x7c, 0xcc, 0xcc, 0xcc, 0x76, 0x00, 0x00, 0x00, 0x00
   305 00000968 CCCC7600000000      <1>
   306 0000096F 000000003C66606066- <1> 	db 0x00, 0x00, 0x00, 0x00, 0x3c, 0x66, 0x60, 0x60, 0x66, 0x3c, 0x0c, 0x06, 0x3c, 0x00, 0x00, 0x00
   306 00000978 3C0C063C000000      <1>
   307 0000097F 0010386C007CC6FEC0- <1> 	db 0x00, 0x10, 0x38, 0x6c, 0x00, 0x7c, 0xc6, 0xfe, 0xc0, 0xc0, 0xc6, 0x7c, 0x00, 0x00, 0x00, 0x00
   307 00000988 C0C67C00000000      <1>
   308 0000098F 0000C600007CC6FEC0- <1> 	db 0x00, 0x00, 0xc6, 0x00, 0x00, 0x7c, 0xc6, 0xfe, 0xc0, 0xc0, 0xc6, 0x7c, 0x00, 0x00, 0x00, 0x00
   308 00000998 C0C67C00000000      <1>
   309 0000099F 00603018007CC6FEC0- <1> 	db 0x00, 0x60, 0x30, 0x18, 0x00, 0x7c, 0xc6, 0xfe, 0xc0, 0xc0, 0xc6, 0x7c, 0x00, 0x00, 0x00, 0x00
   309 000009A8 C0C67C00000000      <1>
   310 000009AF 000066000038181818- <1> 	db 0x00, 0x00, 0x66, 0x00, 0x00, 0x38, 0x18, 0x18, 0x18, 0x18, 0x18, 0x3c, 0x00, 0x00, 0x00, 0x00
   310 000009B8 18183C00000000      <1>
   311 000009BF 00183C660038181818- <1> 	db 0x00, 0x18, 0x3c, 0x66, 0x00, 0x38, 0x18, 0x18, 0x18, 0x18, 0x18, 0x3c, 0x00, 0x00, 0x00, 0x00
   311 000009C8 18183C00000000      <1>
   312 000009CF 006030180038181818- <1> 	db 0x00, 0x60, 0x30, 0x18, 0x00, 0x38, 0x18, 0x18, 0x18, 0x18, 0x18, 0x3c, 0x00, 0x00, 0x00, 0x00
   312 000009D8 18183C00000000      <1>
   313 000009DF 00C60010386CC6C6FE- <1> 	db 0x00, 0xc6, 0x00, 0x10, 0x38, 0x6c, 0xc6, 0xc6, 0xfe, 0xc6, 0xc6, 0xc6, 0x00, 0x00, 0x00, 0x00
   313 000009E8 C6C6C600000000      <1>
   314 000009EF 386C3800386CC6C6FE- <1> 	db 0x38, 0x6c, 0x38, 0x00, 0x38, 0x6c, 0xc6, 0xc6, 0xfe, 0xc6, 0xc6, 0xc6, 0x00, 0x00, 0x00, 0x00
   314 000009F8 C6C6C600000000      <1>
   315 000009FF 18306000FE66607C60- <1> 	db 0x18, 0x30, 0x60, 0x00, 0xfe, 0x66, 0x60, 0x7c, 0x60, 0x60, 0x66, 0xfe, 0x00, 0x00, 0x00, 0x00
   315 00000A08 6066FE00000000      <1>
   316 00000A0F 00000000006E3B1B7E- <1> 	db 0x00, 0x00, 0x00, 0x00, 0x00, 0x6e, 0x3b, 0x1b, 0x7e, 0xd8, 0xdc, 0x77, 0x00, 0x00, 0x00, 0x00
   316 00000A18 D8DC7700000000      <1>
   317 00000A1F 00003E6CCCCCFECCCC- <1> 	db 0x00, 0x00, 0x3e, 0x6c, 0xcc, 0xcc, 0xfe, 0xcc, 0xcc, 0xcc, 0xcc, 0xce, 0x00, 0x00, 0x00, 0x00
   317 00000A28 CCCCCE00000000      <1>
   318 00000A2F 0010386C007CC6C6C6- <1> 	db 0x00, 0x10, 0x38, 0x6c, 0x00, 0x7c, 0xc6, 0xc6, 0xc6, 0xc6, 0xc6, 0x7c, 0x00, 0x00, 0x00, 0x00
   318 00000A38 C6C67C00000000      <1>
   319 00000A3F 0000C600007CC6C6C6- <1> 	db 0x00, 0x00, 0xc6, 0x00, 0x00, 0x7c, 0xc6, 0xc6, 0xc6, 0xc6, 0xc6, 0x7c, 0x00, 0x00, 0x00, 0x00
   319 00000A48 C6C67C00000000      <1>
   320 00000A4F 00603018007CC6C6C6- <1> 	db 0x00, 0x60, 0x30, 0x18, 0x00, 0x7c, 0xc6, 0xc6, 0xc6, 0xc6, 0xc6, 0x7c, 0x00, 0x00, 0x00, 0x00
   320 00000A58 C6C67C00000000      <1>
   321 00000A5F 003078CC00CCCCCCCC- <1> 	db 0x00, 0x30, 0x78, 0xcc, 0x00, 0xcc, 0xcc, 0xcc, 0xcc, 0xcc, 0xcc, 0x76, 0x00, 0x00, 0x00, 0x00
   321 00000A68 CCCC7600000000      <1>
   322 00000A6F 0060301800CCCCCCCC- <1> 	db 0x00, 0x60, 0x30, 0x18, 0x00, 0xcc, 0xcc, 0xcc, 0xcc, 0xcc, 0xcc, 0x76, 0x00, 0x00, 0x00, 0x00
   322 00000A78 CCCC7600000000      <1>
   323 00000A7F 0000C60000C6C6C6C6- <1> 	db 0x00, 0x00, 0xc6, 0x00, 0x00, 0xc6, 0xc6, 0xc6, 0xc6, 0xc6, 0xc6, 0x7e, 0x06, 0x0c, 0x78, 0x00
   323 00000A88 C6C67E060C7800      <1>
   324 00000A8F 00C6007CC6C6C6C6C6- <1> 	db 0x00, 0xc6, 0x00, 0x7c, 0xc6, 0xc6, 0xc6, 0xc6, 0xc6, 0xc6, 0xc6, 0x7c, 0x00, 0x00, 0x00, 0x00
   324 00000A98 C6C67C00000000      <1>
   325 00000A9F 00C600C6C6C6C6C6C6- <1> 	db 0x00, 0xc6, 0x00, 0xc6, 0xc6, 0xc6, 0xc6, 0xc6, 0xc6, 0xc6, 0xc6, 0x7c, 0x00, 0x00, 0x00, 0x00
   325 00000AA8 C6C67C00000000      <1>
   326 00000AAF 0018187EC3C0C0C0C3- <1> 	db 0x00, 0x18, 0x18, 0x7e, 0xc3, 0xc0, 0xc0, 0xc0, 0xc3, 0x7e, 0x18, 0x18, 0x00, 0x00, 0x00, 0x00
   326 00000AB8 7E181800000000      <1>
   327 00000ABF 00386C6460F0606060- <1> 	db 0x00, 0x38, 0x6c, 0x64, 0x60, 0xf0, 0x60, 0x60, 0x60, 0x60, 0xe6, 0xfc, 0x00, 0x00, 0x00, 0x00
   327 00000AC8 60E6FC00000000      <1>
   328 00000ACF 0000C3663C18FF18FF- <1> 	db 0x00, 0x00, 0xc3, 0x66, 0x3c, 0x18, 0xff, 0x18, 0xff, 0x18, 0x18, 0x18, 0x00, 0x00, 0x00, 0x00
   328 00000AD8 18181800000000      <1>
   329 00000ADF 00FC66667C62666F66- <1> 	db 0x00, 0xfc, 0x66, 0x66, 0x7c, 0x62, 0x66, 0x6f, 0x66, 0x66, 0x66, 0xf3, 0x00, 0x00, 0x00, 0x00
   329 00000AE8 6666F300000000      <1>
   330 00000AEF 000E1B1818187E1818- <1> 	db 0x00, 0x0e, 0x1b, 0x18, 0x18, 0x18, 0x7e, 0x18, 0x18, 0x18, 0x18, 0x18, 0xd8, 0x70, 0x00, 0x00
   330 00000AF8 181818D8700000      <1>
   331 00000AFF 0018306000780C7CCC- <1> 	db 0x00, 0x18, 0x30, 0x60, 0x00, 0x78, 0x0c, 0x7c, 0xcc, 0xcc, 0xcc, 0x76, 0x00, 0x00, 0x00, 0x00
   331 00000B08 CCCC7600000000      <1>
   332 00000B0F 000C18300038181818- <1> 	db 0x00, 0x0c, 0x18, 0x30, 0x00, 0x38, 0x18, 0x18, 0x18, 0x18, 0x18, 0x3c, 0x00, 0x00, 0x00, 0x00
   332 00000B18 18183C00000000      <1>
   333 00000B1F 00183060007CC6C6C6- <1> 	db 0x00, 0x18, 0x30, 0x60, 0x00, 0x7c, 0xc6, 0xc6, 0xc6, 0xc6, 0xc6, 0x7c, 0x00, 0x00, 0x00, 0x00
   333 00000B28 C6C67C00000000      <1>
   334 00000B2F 0018306000CCCCCCCC- <1> 	db 0x00, 0x18, 0x30, 0x60, 0x00, 0xcc, 0xcc, 0xcc, 0xcc, 0xcc, 0xcc, 0x76, 0x00, 0x00, 0x00, 0x00
   334 00000B38 CCCC7600000000      <1>
   335 00000B3F 000076DC00DC666666- <1> 	db 0x00, 0x00, 0x76, 0xdc, 0x00, 0xdc, 0x66, 0x66, 0x66, 0x66, 0x66, 0x66, 0x00, 0x00, 0x00, 0x00
   335 00000B48 66666600000000      <1>
   336 00000B4F 76DC00C6E6F6FEDECE- <1> 	db 0x76, 0xdc, 0x00, 0xc6, 0xe6, 0xf6, 0xfe, 0xde, 0xce, 0xc6, 0xc6, 0xc6, 0x00, 0x00, 0x00, 0x00
   336 00000B58 C6C6C600000000      <1>
   337 00000B5F 003C6C6C3E007E0000- <1> 	db 0x00, 0x3c, 0x6c, 0x6c, 0x3e, 0x00, 0x7e, 0x00, 0x00, 0x00, 0x00, 0x00, 0x00, 0x00, 0x00, 0x00
   337 00000B68 00000000000000      <1>
   338 00000B6F 00386C6C38007C0000- <1> 	db 0x00, 0x38, 0x6c, 0x6c, 0x38, 0x00, 0x7c, 0x00, 0x00, 0x00, 0x00, 0x00, 0x00, 0x00, 0x00, 0x00
   338 00000B78 00000000000000      <1>
   339 00000B7F 0000303000303060C0- <1> 	db 0x00, 0x00, 0x30, 0x30, 0x00, 0x30, 0x30, 0x60, 0xc0, 0xc6, 0xc6, 0x7c, 0x00, 0x00, 0x00, 0x00
   339 00000B88 C6C67C00000000      <1>
   340 00000B8F 000000000000FEC0C0- <1> 	db 0x00, 0x00, 0x00, 0x00, 0x00, 0x00, 0xfe, 0xc0, 0xc0, 0xc0, 0xc0, 0x00, 0x00, 0x00, 0x00, 0x00
   340 00000B98 C0C00000000000      <1>
   341 00000B9F 000000000000FE0606- <1> 	db 0x00, 0x00, 0x00, 0x00, 0x00, 0x00, 0xfe, 0x06, 0x06, 0x06, 0x06, 0x00, 0x00, 0x00, 0x00, 0x00
   341 00000BA8 06060000000000      <1>
   342 00000BAF 00C0C0C2C6CC183060- <1> 	db 0x00, 0xc0, 0xc0, 0xc2, 0xc6, 0xcc, 0x18, 0x30, 0x60, 0xce, 0x9b, 0x06, 0x0c, 0x1f, 0x00, 0x00
   342 00000BB8 CE9B060C1F0000      <1>
   343 00000BBF 00C0C0C2C6CC183066- <1> 	db 0x00, 0xc0, 0xc0, 0xc2, 0xc6, 0xcc, 0x18, 0x30, 0x66, 0xce, 0x96, 0x3e, 0x06, 0x06, 0x00, 0x00
   343 00000BC8 CE963E06060000      <1>
   344 00000BCF 00001818001818183C- <1> 	db 0x00, 0x00, 0x18, 0x18, 0x00, 0x18, 0x18, 0x18, 0x3c, 0x3c, 0x3c, 0x18, 0x00, 0x00, 0x00, 0x00
   344 00000BD8 3C3C1800000000      <1>
   345 00000BDF 0000000000366CD86C- <1> 	db 0x00, 0x00, 0x00, 0x00, 0x00, 0x36, 0x6c, 0xd8, 0x6c, 0x36, 0x00, 0x00, 0x00, 0x00, 0x00, 0x00
   345 00000BE8 36000000000000      <1>
   346 00000BEF 0000000000D86C366C- <1> 	db 0x00, 0x00, 0x00, 0x00, 0x00, 0xd8, 0x6c, 0x36, 0x6c, 0xd8, 0x00, 0x00, 0x00, 0x00, 0x00, 0x00
   346 00000BF8 D8000000000000      <1>
   347 00000BFF 114411441144114411- <1> 	db 0x11, 0x44, 0x11, 0x44, 0x11, 0x44, 0x11, 0x44, 0x11, 0x44, 0x11, 0x44, 0x11, 0x44, 0x11, 0x44
   347 00000C08 44114411441144      <1>
   348 00000C0F 55AA55AA55AA55AA55- <1> 	db 0x55, 0xaa, 0x55, 0xaa, 0x55, 0xaa, 0x55, 0xaa, 0x55, 0xaa, 0x55, 0xaa, 0x55, 0xaa, 0x55, 0xaa
   348 00000C18 AA55AA55AA55AA      <1>
   349 00000C1F DD77DD77DD77DD77DD- <1> 	db 0xdd, 0x77, 0xdd, 0x77, 0xdd, 0x77, 0xdd, 0x77, 0xdd, 0x77, 0xdd, 0x77, 0xdd, 0x77, 0xdd, 0x77
   349 00000C28 77DD77DD77DD77      <1>
   350 00000C2F 181818181818181818- <1> 	db 0x18, 0x18, 0x18, 0x18, 0x18, 0x18, 0x18, 0x18, 0x18, 0x18, 0x18, 0x18, 0x18, 0x18, 0x18, 0x18
   350 00000C38 18181818181818      <1>
   351 00000C3F 18181818181818F818- <1> 	db 0x18, 0x18, 0x18, 0x18, 0x18, 0x18, 0x18, 0xf8, 0x18, 0x18, 0x18, 0x18, 0x18, 0x18, 0x18, 0x18
   351 00000C48 18181818181818      <1>
   352 00000C4F 1818181818F818F818- <1> 	db 0x18, 0x18, 0x18, 0x18, 0x18, 0xf8, 0x18, 0xf8, 0x18, 0x18, 0x18, 0x18, 0x18, 0x18, 0x18, 0x18
   352 00000C58 18181818181818      <1>
   353 00000C5F 36363636363636F636- <1> 	db 0x36, 0x36, 0x36, 0x36, 0x36, 0x36, 0x36, 0xf6, 0x36, 0x36, 0x36, 0x36, 0x36, 0x36, 0x36, 0x36
   353 00000C68 36363636363636      <1>
   354 00000C6F 00000000000000FE36- <1> 	db 0x00, 0x00, 0x00, 0x00, 0x00, 0x00, 0x00, 0xfe, 0x36, 0x36, 0x36, 0x36, 0x36, 0x36, 0x36, 0x36
   354 00000C78 36363636363636      <1>
   355 00000C7F 0000000000F818F818- <1> 	db 0x00, 0x00, 0x00, 0x00, 0x00, 0xf8, 0x18, 0xf8, 0x18, 0x18, 0x18, 0x18, 0x18, 0x18, 0x18, 0x18
   355 00000C88 18181818181818      <1>
   356 00000C8F 3636363636F606F636- <1> 	db 0x36, 0x36, 0x36, 0x36, 0x36, 0xf6, 0x06, 0xf6, 0x36, 0x36, 0x36, 0x36, 0x36, 0x36, 0x36, 0x36
   356 00000C98 36363636363636      <1>
   357 00000C9F 363636363636363636- <1> 	db 0x36, 0x36, 0x36, 0x36, 0x36, 0x36, 0x36, 0x36, 0x36, 0x36, 0x36, 0x36, 0x36, 0x36, 0x36, 0x36
   357 00000CA8 36363636363636      <1>
   358 00000CAF 0000000000FE06F636- <1> 	db 0x00, 0x00, 0x00, 0x00, 0x00, 0xfe, 0x06, 0xf6, 0x36, 0x36, 0x36, 0x36, 0x36, 0x36, 0x36, 0x36
   358 00000CB8 36363636363636      <1>
   359 00000CBF 3636363636F606FE00- <1> 	db 0x36, 0x36, 0x36, 0x36, 0x36, 0xf6, 0x06, 0xfe, 0x00, 0x00, 0x00, 0x00, 0x00, 0x00, 0x00, 0x00
   359 00000CC8 00000000000000      <1>
   360 00000CCF 36363636363636FE00- <1> 	db 0x36, 0x36, 0x36, 0x36, 0x36, 0x36, 0x36, 0xfe, 0x00, 0x00, 0x00, 0x00, 0x00, 0x00, 0x00, 0x00
   360 00000CD8 00000000000000      <1>
   361 00000CDF 1818181818F818F800- <1> 	db 0x18, 0x18, 0x18, 0x18, 0x18, 0xf8, 0x18, 0xf8, 0x00, 0x00, 0x00, 0x00, 0x00, 0x00, 0x00, 0x00
   361 00000CE8 00000000000000      <1>
   362 00000CEF 00000000000000F818- <1> 	db 0x00, 0x00, 0x00, 0x00, 0x00, 0x00, 0x00, 0xf8, 0x18, 0x18, 0x18, 0x18, 0x18, 0x18, 0x18, 0x18
   362 00000CF8 18181818181818      <1>
   363 00000CFF 181818181818181F00- <1> 	db 0x18, 0x18, 0x18, 0x18, 0x18, 0x18, 0x18, 0x1f, 0x00, 0x00, 0x00, 0x00, 0x00, 0x00, 0x00, 0x00
   363 00000D08 00000000000000      <1>
   364 00000D0F 18181818181818FF00- <1> 	db 0x18, 0x18, 0x18, 0x18, 0x18, 0x18, 0x18, 0xff, 0x00, 0x00, 0x00, 0x00, 0x00, 0x00, 0x00, 0x00
   364 00000D18 00000000000000      <1>
   365 00000D1F 00000000000000FF18- <1> 	db 0x00, 0x00, 0x00, 0x00, 0x00, 0x00, 0x00, 0xff, 0x18, 0x18, 0x18, 0x18, 0x18, 0x18, 0x18, 0x18
   365 00000D28 18181818181818      <1>
   366 00000D2F 181818181818181F18- <1> 	db 0x18, 0x18, 0x18, 0x18, 0x18, 0x18, 0x18, 0x1f, 0x18, 0x18, 0x18, 0x18, 0x18, 0x18, 0x18, 0x18
   366 00000D38 18181818181818      <1>
   367 00000D3F 00000000000000FF00- <1> 	db 0x00, 0x00, 0x00, 0x00, 0x00, 0x00, 0x00, 0xff, 0x00, 0x00, 0x00, 0x00, 0x00, 0x00, 0x00, 0x00
   367 00000D48 00000000000000      <1>
   368 00000D4F 18181818181818FF18- <1> 	db 0x18, 0x18, 0x18, 0x18, 0x18, 0x18, 0x18, 0xff, 0x18, 0x18, 0x18, 0x18, 0x18, 0x18, 0x18, 0x18
   368 00000D58 18181818181818      <1>
   369 00000D5F 18181818181F181F18- <1> 	db 0x18, 0x18, 0x18, 0x18, 0x18, 0x1f, 0x18, 0x1f, 0x18, 0x18, 0x18, 0x18, 0x18, 0x18, 0x18, 0x18
   369 00000D68 18181818181818      <1>
   370 00000D6F 363636363636363736- <1> 	db 0x36, 0x36, 0x36, 0x36, 0x36, 0x36, 0x36, 0x37, 0x36, 0x36, 0x36, 0x36, 0x36, 0x36, 0x36, 0x36
   370 00000D78 36363636363636      <1>
   371 00000D7F 363636363637303F00- <1> 	db 0x36, 0x36, 0x36, 0x36, 0x36, 0x37, 0x30, 0x3f, 0x00, 0x00, 0x00, 0x00, 0x00, 0x00, 0x00, 0x00
   371 00000D88 00000000000000      <1>
   372 00000D8F 00000000003F303736- <1> 	db 0x00, 0x00, 0x00, 0x00, 0x00, 0x3f, 0x30, 0x37, 0x36, 0x36, 0x36, 0x36, 0x36, 0x36, 0x36, 0x36
   372 00000D98 36363636363636      <1>
   373 00000D9F 3636363636F700FF00- <1> 	db 0x36, 0x36, 0x36, 0x36, 0x36, 0xf7, 0x00, 0xff, 0x00, 0x00, 0x00, 0x00, 0x00, 0x00, 0x00, 0x00
   373 00000DA8 00000000000000      <1>
   374 00000DAF 0000000000FF00F736- <1> 	db 0x00, 0x00, 0x00, 0x00, 0x00, 0xff, 0x00, 0xf7, 0x36, 0x36, 0x36, 0x36, 0x36, 0x36, 0x36, 0x36
   374 00000DB8 36363636363636      <1>
   375 00000DBF 363636363637303736- <1> 	db 0x36, 0x36, 0x36, 0x36, 0x36, 0x37, 0x30, 0x37, 0x36, 0x36, 0x36, 0x36, 0x36, 0x36, 0x36, 0x36
   375 00000DC8 36363636363636      <1>
   376 00000DCF 0000000000FF00FF00- <1> 	db 0x00, 0x00, 0x00, 0x00, 0x00, 0xff, 0x00, 0xff, 0x00, 0x00, 0x00, 0x00, 0x00, 0x00, 0x00, 0x00
   376 00000DD8 00000000000000      <1>
   377 00000DDF 3636363636F700F736- <1> 	db 0x36, 0x36, 0x36, 0x36, 0x36, 0xf7, 0x00, 0xf7, 0x36, 0x36, 0x36, 0x36, 0x36, 0x36, 0x36, 0x36
   377 00000DE8 36363636363636      <1>
   378 00000DEF 1818181818FF00FF00- <1> 	db 0x18, 0x18, 0x18, 0x18, 0x18, 0xff, 0x00, 0xff, 0x00, 0x00, 0x00, 0x00, 0x00, 0x00, 0x00, 0x00
   378 00000DF8 00000000000000      <1>
   379 00000DFF 36363636363636FF00- <1> 	db 0x36, 0x36, 0x36, 0x36, 0x36, 0x36, 0x36, 0xff, 0x00, 0x00, 0x00, 0x00, 0x00, 0x00, 0x00, 0x00
   379 00000E08 00000000000000      <1>
   380 00000E0F 0000000000FF00FF18- <1> 	db 0x00, 0x00, 0x00, 0x00, 0x00, 0xff, 0x00, 0xff, 0x18, 0x18, 0x18, 0x18, 0x18, 0x18, 0x18, 0x18
   380 00000E18 18181818181818      <1>
   381 00000E1F 00000000000000FF36- <1> 	db 0x00, 0x00, 0x00, 0x00, 0x00, 0x00, 0x00, 0xff, 0x36, 0x36, 0x36, 0x36, 0x36, 0x36, 0x36, 0x36
   381 00000E28 36363636363636      <1>
   382 00000E2F 363636363636363F00- <1> 	db 0x36, 0x36, 0x36, 0x36, 0x36, 0x36, 0x36, 0x3f, 0x00, 0x00, 0x00, 0x00, 0x00, 0x00, 0x00, 0x00
   382 00000E38 00000000000000      <1>
   383 00000E3F 18181818181F181F00- <1> 	db 0x18, 0x18, 0x18, 0x18, 0x18, 0x1f, 0x18, 0x1f, 0x00, 0x00, 0x00, 0x00, 0x00, 0x00, 0x00, 0x00
   383 00000E48 00000000000000      <1>
   384 00000E4F 00000000001F181F18- <1> 	db 0x00, 0x00, 0x00, 0x00, 0x00, 0x1f, 0x18, 0x1f, 0x18, 0x18, 0x18, 0x18, 0x18, 0x18, 0x18, 0x18
   384 00000E58 18181818181818      <1>
   385 00000E5F 000000000000003F36- <1> 	db 0x00, 0x00, 0x00, 0x00, 0x00, 0x00, 0x00, 0x3f, 0x36, 0x36, 0x36, 0x36, 0x36, 0x36, 0x36, 0x36
   385 00000E68 36363636363636      <1>
   386 00000E6F 36363636363636FF36- <1> 	db 0x36, 0x36, 0x36, 0x36, 0x36, 0x36, 0x36, 0xff, 0x36, 0x36, 0x36, 0x36, 0x36, 0x36, 0x36, 0x36
   386 00000E78 36363636363636      <1>
   387 00000E7F 1818181818FF18FF18- <1> 	db 0x18, 0x18, 0x18, 0x18, 0x18, 0xff, 0x18, 0xff, 0x18, 0x18, 0x18, 0x18, 0x18, 0x18, 0x18, 0x18
   387 00000E88 18181818181818      <1>
   388 00000E8F 18181818181818F800- <1> 	db 0x18, 0x18, 0x18, 0x18, 0x18, 0x18, 0x18, 0xf8, 0x00, 0x00, 0x00, 0x00, 0x00, 0x00, 0x00, 0x00
   388 00000E98 00000000000000      <1>
   389 00000E9F 000000000000001F18- <1> 	db 0x00, 0x00, 0x00, 0x00, 0x00, 0x00, 0x00, 0x1f, 0x18, 0x18, 0x18, 0x18, 0x18, 0x18, 0x18, 0x18
   389 00000EA8 18181818181818      <1>
   390 00000EAF FFFFFFFFFFFFFFFFFF- <1> 	db 0xff, 0xff, 0xff, 0xff, 0xff, 0xff, 0xff, 0xff, 0xff, 0xff, 0xff, 0xff, 0xff, 0xff, 0xff, 0xff
   390 00000EB8 FFFFFFFFFFFFFF      <1>
   391 00000EBF 00000000000000FFFF- <1> 	db 0x00, 0x00, 0x00, 0x00, 0x00, 0x00, 0x00, 0xff, 0xff, 0xff, 0xff, 0xff, 0xff, 0xff, 0xff, 0xff
   391 00000EC8 FFFFFFFFFFFFFF      <1>
   392 00000ECF F0F0F0F0F0F0F0F0F0- <1> 	db 0xf0, 0xf0, 0xf0, 0xf0, 0xf0, 0xf0, 0xf0, 0xf0, 0xf0, 0xf0, 0xf0, 0xf0, 0xf0, 0xf0, 0xf0, 0xf0
   392 00000ED8 F0F0F0F0F0F0F0      <1>
   393 00000EDF 0F0F0F0F0F0F0F0F0F- <1> 	db 0x0f, 0x0f, 0x0f, 0x0f, 0x0f, 0x0f, 0x0f, 0x0f, 0x0f, 0x0f, 0x0f, 0x0f, 0x0f, 0x0f, 0x0f, 0x0f
   393 00000EE8 0F0F0F0F0F0F0F      <1>
   394 00000EEF FFFFFFFFFFFFFF0000- <1> 	db 0xff, 0xff, 0xff, 0xff, 0xff, 0xff, 0xff, 0x00, 0x00, 0x00, 0x00, 0x00, 0x00, 0x00, 0x00, 0x00
   394 00000EF8 00000000000000      <1>
   395 00000EFF 000000000076DCD8D8- <1> 	db 0x00, 0x00, 0x00, 0x00, 0x00, 0x76, 0xdc, 0xd8, 0xd8, 0xd8, 0xdc, 0x76, 0x00, 0x00, 0x00, 0x00
   395 00000F08 D8DC7600000000      <1>
   396 00000F0F 000078CCCCCCD8CCC6- <1> 	db 0x00, 0x00, 0x78, 0xcc, 0xcc, 0xcc, 0xd8, 0xcc, 0xc6, 0xc6, 0xc6, 0xcc, 0x00, 0x00, 0x00, 0x00
   396 00000F18 C6C6CC00000000      <1>
   397 00000F1F 0000FEC6C6C0C0C0C0- <1> 	db 0x00, 0x00, 0xfe, 0xc6, 0xc6, 0xc0, 0xc0, 0xc0, 0xc0, 0xc0, 0xc0, 0xc0, 0x00, 0x00, 0x00, 0x00
   397 00000F28 C0C0C000000000      <1>
   398 00000F2F 00000000FE6C6C6C6C- <1> 	db 0x00, 0x00, 0x00, 0x00, 0xfe, 0x6c, 0x6c, 0x6c, 0x6c, 0x6c, 0x6c, 0x6c, 0x00, 0x00, 0x00, 0x00
   398 00000F38 6C6C6C00000000      <1>
   399 00000F3F 000000FEC660301830- <1> 	db 0x00, 0x00, 0x00, 0xfe, 0xc6, 0x60, 0x30, 0x18, 0x30, 0x60, 0xc6, 0xfe, 0x00, 0x00, 0x00, 0x00
   399 00000F48 60C6FE00000000      <1>
   400 00000F4F 00000000007ED8D8D8- <1> 	db 0x00, 0x00, 0x00, 0x00, 0x00, 0x7e, 0xd8, 0xd8, 0xd8, 0xd8, 0xd8, 0x70, 0x00, 0x00, 0x00, 0x00
   400 00000F58 D8D87000000000      <1>
   401 00000F5F 000000006666666666- <1> 	db 0x00, 0x00, 0x00, 0x00, 0x66, 0x66, 0x66, 0x66, 0x66, 0x7c, 0x60, 0x60, 0xc0, 0x00, 0x00, 0x00
   401 00000F68 7C6060C0000000      <1>
   402 00000F6F 0000000076DC181818- <1> 	db 0x00, 0x00, 0x00, 0x00, 0x76, 0xdc, 0x18, 0x18, 0x18, 0x18, 0x18, 0x18, 0x00, 0x00, 0x00, 0x00
   402 00000F78 18181800000000      <1>
   403 00000F7F 0000007E183C666666- <1> 	db 0x00, 0x00, 0x00, 0x7e, 0x18, 0x3c, 0x66, 0x66, 0x66, 0x3c, 0x18, 0x7e, 0x00, 0x00, 0x00, 0x00
   403 00000F88 3C187E00000000      <1>
   404 00000F8F 000000386CC6C6FEC6- <1> 	db 0x00, 0x00, 0x00, 0x38, 0x6c, 0xc6, 0xc6, 0xfe, 0xc6, 0xc6, 0x6c, 0x38, 0x00, 0x00, 0x00, 0x00
   404 00000F98 C66C3800000000      <1>
   405 00000F9F 0000386CC6C6C66C6C- <1> 	db 0x00, 0x00, 0x38, 0x6c, 0xc6, 0xc6, 0xc6, 0x6c, 0x6c, 0x6c, 0x6c, 0xee, 0x00, 0x00, 0x00, 0x00
   405 00000FA8 6C6CEE00000000      <1>
   406 00000FAF 00001E30180C3E6666- <1> 	db 0x00, 0x00, 0x1e, 0x30, 0x18, 0x0c, 0x3e, 0x66, 0x66, 0x66, 0x66, 0x3c, 0x00, 0x00, 0x00, 0x00
   406 00000FB8 66663C00000000      <1>
   407 00000FBF 00000000007EDBDBDB- <1> 	db 0x00, 0x00, 0x00, 0x00, 0x00, 0x7e, 0xdb, 0xdb, 0xdb, 0x7e, 0x00, 0x00, 0x00, 0x00, 0x00, 0x00
   407 00000FC8 7E000000000000      <1>
   408 00000FCF 00000003067EDBDBF3- <1> 	db 0x00, 0x00, 0x00, 0x03, 0x06, 0x7e, 0xdb, 0xdb, 0xf3, 0x7e, 0x60, 0xc0, 0x00, 0x00, 0x00, 0x00
   408 00000FD8 7E60C000000000      <1>
   409 00000FDF 00001C3060607C6060- <1> 	db 0x00, 0x00, 0x1c, 0x30, 0x60, 0x60, 0x7c, 0x60, 0x60, 0x60, 0x30, 0x1c, 0x00, 0x00, 0x00, 0x00
   409 00000FE8 60301C00000000      <1>
   410 00000FEF 0000007CC6C6C6C6C6- <1> 	db 0x00, 0x00, 0x00, 0x7c, 0xc6, 0xc6, 0xc6, 0xc6, 0xc6, 0xc6, 0xc6, 0xc6, 0x00, 0x00, 0x00, 0x00
   410 00000FF8 C6C6C600000000      <1>
   411 00000FFF 00000000FE0000FE00- <1> 	db 0x00, 0x00, 0x00, 0x00, 0xfe, 0x00, 0x00, 0xfe, 0x00, 0x00, 0xfe, 0x00, 0x00, 0x00, 0x00, 0x00
   411 00001008 00FE0000000000      <1>
   412 0000100F 0000000018187E1818- <1> 	db 0x00, 0x00, 0x00, 0x00, 0x18, 0x18, 0x7e, 0x18, 0x18, 0x00, 0x00, 0xff, 0x00, 0x00, 0x00, 0x00
   412 00001018 0000FF00000000      <1>
   413 0000101F 00000030180C060C18- <1> 	db 0x00, 0x00, 0x00, 0x30, 0x18, 0x0c, 0x06, 0x0c, 0x18, 0x30, 0x00, 0x7e, 0x00, 0x00, 0x00, 0x00
   413 00001028 30007E00000000      <1>
   414 0000102F 0000000C1830603018- <1> 	db 0x00, 0x00, 0x00, 0x0c, 0x18, 0x30, 0x60, 0x30, 0x18, 0x0c, 0x00, 0x7e, 0x00, 0x00, 0x00, 0x00
   414 00001038 0C007E00000000      <1>
   415 0000103F 00000E1B1B18181818- <1> 	db 0x00, 0x00, 0x0e, 0x1b, 0x1b, 0x18, 0x18, 0x18, 0x18, 0x18, 0x18, 0x18, 0x18, 0x18, 0x18, 0x18
   415 00001048 18181818181818      <1>
   416 0000104F 1818181818181818D8- <1> 	db 0x18, 0x18, 0x18, 0x18, 0x18, 0x18, 0x18, 0x18, 0xd8, 0xd8, 0xd8, 0x70, 0x00, 0x00, 0x00, 0x00
   416 00001058 D8D87000000000      <1>
   417 0000105F 000000001818007E00- <1> 	db 0x00, 0x00, 0x00, 0x00, 0x18, 0x18, 0x00, 0x7e, 0x00, 0x18, 0x18, 0x00, 0x00, 0x00, 0x00, 0x00
   417 00001068 18180000000000      <1>
   418 0000106F 000000000076DC0076- <1> 	db 0x00, 0x00, 0x00, 0x00, 0x00, 0x76, 0xdc, 0x00, 0x76, 0xdc, 0x00, 0x00, 0x00, 0x00, 0x00, 0x00
   418 00001078 DC000000000000      <1>
   419 0000107F 00386C6C3800000000- <1> 	db 0x00, 0x38, 0x6c, 0x6c, 0x38, 0x00, 0x00, 0x00, 0x00, 0x00, 0x00, 0x00, 0x00, 0x00, 0x00, 0x00
   419 00001088 00000000000000      <1>
   420 0000108F 000000000000001818- <1> 	db 0x00, 0x00, 0x00, 0x00, 0x00, 0x00, 0x00, 0x18, 0x18, 0x00, 0x00, 0x00, 0x00, 0x00, 0x00, 0x00
   420 00001098 00000000000000      <1>
   421 0000109F 000000000000000018- <1> 	db 0x00, 0x00, 0x00, 0x00, 0x00, 0x00, 0x00, 0x00, 0x18, 0x00, 0x00, 0x00, 0x00, 0x00, 0x00, 0x00
   421 000010A8 00000000000000      <1>
   422 000010AF 000F0C0C0C0C0CEC6C- <1> 	db 0x00, 0x0f, 0x0c, 0x0c, 0x0c, 0x0c, 0x0c, 0xec, 0x6c, 0x6c, 0x3c, 0x1c, 0x00, 0x00, 0x00, 0x00
   422 000010B8 6C3C1C00000000      <1>
   423 000010BF 00D86C6C6C6C6C0000- <1> 	db 0x00, 0xd8, 0x6c, 0x6c, 0x6c, 0x6c, 0x6c, 0x00, 0x00, 0x00, 0x00, 0x00, 0x00, 0x00, 0x00, 0x00
   423 000010C8 00000000000000      <1>
   424 000010CF 0070D83060C8F80000- <1> 	db 0x00, 0x70, 0xd8, 0x30, 0x60, 0xc8, 0xf8, 0x00, 0x00, 0x00, 0x00, 0x00, 0x00, 0x00, 0x00, 0x00
   424 000010D8 00000000000000      <1>
   425 000010DF 000000007C7C7C7C7C- <1> 	db 0x00, 0x00, 0x00, 0x00, 0x7c, 0x7c, 0x7c, 0x7c, 0x7c, 0x7c, 0x7c, 0x00, 0x00, 0x00, 0x00, 0x00
   425 000010E8 7C7C0000000000      <1>
   426 000010EF 000000000000000000- <1> 	db 0x00, 0x00, 0x00, 0x00, 0x00, 0x00, 0x00, 0x00, 0x00, 0x00, 0x00, 0x00, 0x00, 0x00, 0x00, 0x00
   426 000010F8 00000000000000      <1>
   427                              <1> 
   428                              <1> ;--------------------------------------------------------------------------------
   429                              <1> ; Punto de entrada
   430                              <1> ;--------------------------------------------------------------------------------
   431                              <1> bios_init:
   432 000010FF 87DB                <1> 	xchg	bx, bx				; Magic breakpoint
   433                              <1> 
   434                              <1> ; Recorrer bus PCI. Bochs solo soporta bus cero ya que no tiene "PCI to PCI bridge".
   435                              <1> ; Cada bus tiene hasta 32 dispositivos.
   436                              <1> ; Si el dispositivo es compuesto puede tener hasta 8 funciones.
   437                              <1> ; Formato puerto 0x0CF8:
   438                              <1> ; Bit 31 = Siempre a "1"
   439                              <1> ; Bits 30-24 = Reservado (siempre a "0")
   440                              <1> ; Bits 23-16 = Número de bus (0 en nuestra aplicación)
   441                              <1> ; Bits 15-11 = Número de dispositivo (0-31)
   442                              <1> ; Bits 10-8 = Número de función (0-7)
   443                              <1> ; Bits 7-2 = Número de registro
   444                              <1> ; Bits 1-0: Siempre cero.
   445                              <1> 
   446                              <1> recorrer_bus_pci:
   447 00001101 66BD00400000        <1> 	mov 	ebp, 0x4000     	; Primera dirección de entrada/salida para PCI.
   448 00001107 66BF000000C0        <1> 	mov 	edi, 0xC0000000 	; Primera dirección a asignar a dispositivos PCI.
   449 0000110D 66BE00000080        <1> 	mov 	esi, 0x80000000 	; Bus 0, dispositivo 0, función 0.
   450                              <1> 
   451                              <1> ciclo_recorrer_bus_pci:
   452 00001113 6681FE00000180      <1> 	cmp 	esi, 0x80010000 	; Verificar si se recorrió todo el bus 0.
   453 0000111A 0F843001            <1> 	jz 		fin_recorrido_pci
   454                              <1> 								; Leer registro 0: Bits 31-16: device ID,
   455                              <1> leer_registro_pci 0        		; Bits 15-0: vendor ID.
   455 0000111E 66B800000000        <2>  mov eax, %1
   455 00001124 6609F0              <2>  or eax, esi
   455 00001127 BAF80C              <2>  mov dx, 0x0CF8
   455 0000112A 66EF                <2>  out dx, eax
   455 0000112C BAFC0C              <2>  mov dx, 0x0CFC
   455 0000112F 66ED                <2>  in eax, dx
   456 00001131 83F8FF              <1> 	cmp 	ax, 0xFFFF      	; Vendor ID 0xFFFF no existe.
   457 00001134 7509                <1> 	jnz 	dispositivo_hallado
   458 00001136 6681C600080000      <1> 	add 	esi,0x0800     		; Ir al siguiente dispositivo
   459 0000113D EBD4                <1> 	jmp 	ciclo_recorrer_bus_pci
   460                              <1> 
   461                              <1> dispositivo_hallado:			; Leer registro 0x0C: Bit 23: multiple function bit
   462                              <1> 	leer_registro_pci 0x0C
   462 0000113F 66B80C000000        <2>  mov eax, %1
   462 00001145 6609F0              <2>  or eax, esi
   462 00001148 BAF80C              <2>  mov dx, 0x0CF8
   462 0000114B 66EF                <2>  out dx, eax
   462 0000114D BAFC0C              <2>  mov dx, 0x0CFC
   462 00001150 66ED                <2>  in eax, dx
   463 00001152 B508                <1> 	mov 	ch, 8       	    ; Cantidad de funciones a procesar.
   464 00001154 660FBAE017          <1> 	bt 		eax, 23
   465 00001159 7202                <1> 	jc 		procesar_funcion
   466 0000115B B501                <1> 	mov 	ch, 1
   467                              <1> 	
   468                              <1> procesar_funcion:				; Leer registro 0: Bits 31-16: device ID,
   469                              <1> 	leer_registro_pci 0      	; Bits 15-0: vendor ID.
   469 0000115D 66B800000000        <2>  mov eax, %1
   469 00001163 6609F0              <2>  or eax, esi
   469 00001166 BAF80C              <2>  mov dx, 0x0CF8
   469 00001169 66EF                <2>  out dx, eax
   469 0000116B BAFC0C              <2>  mov dx, 0x0CFC
   469 0000116E 66ED                <2>  in eax, dx
   470 00001170 83F8FF              <1> 	cmp  	ax, 0xFFFF    		; Vendor ID 0xFFFF no existe.
   471 00001173 7523                <1> 	jnz 	funcion_hallada   
   472                              <1> 
   473                              <1> ir_a_siguiente_funcion:
   474 00001175 6681C600010000      <1> 	add 	esi, 0x0100    		; Ir a la siguiente función
   475 0000117C FECD                <1> 	dec 	ch
   476 0000117E 75DD                <1> 	jnz 	procesar_funcion
   477 00001180 6681EE00010000      <1> 	sub 	esi, 0x0100     	; Ir al siguiente dispositivo
   478 00001187 6681CE00070000      <1> 	or		esi, 0x0700
   479 0000118E 6681C600010000      <1> 	add 	esi, 0x0100
   480 00001195 E97BFF              <1> 	jmp 	ciclo_recorrer_bus_pci
   481                              <1> 
   482                              <1> funcion_hallada:				; Leer registro 0x0C: Bits 22-16: header type
   483                              <1> 	leer_registro_pci 0x0C
   483 00001198 66B80C000000        <2>  mov eax, %1
   483 0000119E 6609F0              <2>  or eax, esi
   483 000011A1 BAF80C              <2>  mov dx, 0x0CF8
   483 000011A4 66EF                <2>  out dx, eax
   483 000011A6 BAFC0C              <2>  mov dx, 0x0CFC
   483 000011A9 66ED                <2>  in eax, dx
   484 000011AB 66A900007F00        <1> 	test 	eax,0x007F0000 		; Solo soportamos header type cero.
   485 000011B1 75C2                <1> 	jnz 	ir_a_siguiente_funcion
   486                              <1> 	leer_registro_pci 0x08		; Leer clase y subclase.
   486 000011B3 66B808000000        <2>  mov eax, %1
   486 000011B9 6609F0              <2>  or eax, esi
   486 000011BC BAF80C              <2>  mov dx, 0x0CF8
   486 000011BF 66EF                <2>  out dx, eax
   486 000011C1 BAFC0C              <2>  mov dx, 0x0CFC
   486 000011C4 66ED                <2>  in eax, dx
   487 000011C6 B110                <1> 	mov 	cl, 0x10         	; Apuntar al primer Base Address Register (BAR)
   488                              <1> 
   489                              <1> ciclo_llenar_BAR:
   490 000011C8 660FB6C1            <1> 	movzx 	eax, cl
   491 000011CC 6609F0              <1> 	or 		eax, esi 
   492 000011CF BAF80C              <1> 	mov		dx, 0x0CF8
   493 000011D2 66EF                <1> 	out		dx, eax
   494 000011D4 66B8FFFFFFFF        <1> 	mov 	eax, 0xFFFFFFFF  	; Escribir 0xFFFFFFFF en el BAR
   495 000011DA BAFC0C              <1> 	mov 	dx, 0x0CFC  
   496 000011DD 66EF                <1> 	out 	dx, eax
   497 000011DF 660FB6C1            <1> 	movzx 	eax, cl
   498                              <1> 	leer_registro_pci eax 		; Leerlo.
   498 000011E3 6689C0              <2>  mov eax, %1
   498 000011E6 6609F0              <2>  or eax, esi
   498 000011E9 BAF80C              <2>  mov dx, 0x0CF8
   498 000011EC 66EF                <2>  out dx, eax
   498 000011EE BAFC0C              <2>  mov dx, 0x0CFC
   498 000011F1 66ED                <2>  in eax, dx
   499 000011F3 A801                <1> 	test 	al, 1           	; Ver si el dispositivo está mapeado en memoria.
   500 000011F5 741E                <1> 	jz 		mapeado_en_memoria
   501 000011F7 83E0FC              <1> 	and  	ax, 0xFFFC       	; Eliminar los dos bits que no se usan para ports.
   502 000011FA 7445                <1> 	jz 		ajustar_siguiente_BAR  ; El dispositivo no usa este BAR.
   503 000011FC 66F7D0              <1> 	not 	eax             	; Convertir en cantidad de bytes que se usa - 1.
   504 000011FF 6689C3              <1> 	mov 	ebx, eax
   505 00001202 4D                  <1> 	dec 	bp              	; Poner BP en dirección múltiplo de la cantidad
   506 00001203 09C5                <1> 	or 		bp, ax            	; de bytes que usa esta función.
   507 00001205 45                  <1> 	inc 	bp
   508 00001206 660FB6C1            <1> 	movzx 	eax, cl
   509 0000120A 6609F0              <1> 	or 		eax, esi 
   510 0000120D BAF80C              <1> 	mov 	dx, 0x0CF8
   511 00001210 6689E8              <1> 	mov 	eax, ebp
   512 00001213 EB22                <1> 	jmp 	ajustar_BAR
   513                              <1> 
   514                              <1> mapeado_en_memoria:
   515 00001215 6683E0F0            <1> 	and 	eax, 0xFFFFFFF0  	; Eliminar los 4 bits que no se usan para puntero.
   516 00001219 7426                <1> 	jz 		ajustar_siguiente_BAR  ; El dispositivo no usa este BAR.
   517 0000121B 66F7D0              <1> 	not 	eax             	; Convertir en cantidad de bytes que se usa - 1.
   518 0000121E 6689C3              <1> 	mov 	ebx, eax
   519 00001221 664F                <1> 	dec 	edi             	; Poner EDI en dirección múltiplo de la cantidad
   520 00001223 6609C7              <1> 	or 		edi, eax          	; de bytes que usa esta función.
   521 00001226 6647                <1> 	inc 	edi
   522 00001228 660FB6C1            <1> 	movzx 	eax, cl
   523 0000122C 6609F0              <1> 	or 		eax, esi 
   524 0000122F BAF80C              <1> 	mov 	dx, 0x0CF8
   525 00001232 66EF                <1> 	out 	dx, eax
   526 00001234 6689F8              <1> 	mov 	eax, edi
   527                              <1> 
   528                              <1> ajustar_BAR:
   529 00001237 BAFC0C              <1> 	mov 	dx, 0x0CFC  
   530 0000123A 66EF                <1> 	out 	dx, eax
   531 0000123C 6601DD              <1> 	add 	ebp, ebx         	; Apuntar a puerto después de esta función.
   532 0000123F 6645                <1> 	inc 	ebp
   533                              <1> 
   534                              <1> ajustar_siguiente_BAR:
   535 00001241 80C104              <1> 	add 	cl, 4          	  	; Apuntar al siguiente BAR.
   536 00001244 80F928              <1> 	cmp 	cl, 0x28         	; Todos los BAR listos?
   537 00001247 0F857DFF            <1> 	jnz 	ciclo_llenar_BAR
   538 0000124B E927FF              <1> 	jmp 	ir_a_siguiente_funcion
   539                              <1> fin_recorrido_pci:
   540                              <1>  
   541                              <1> ;--------------------------------------------------------------------------------
   542                              <1> ; Inicializar pantalla con texto
   543                              <1> ;--------------------------------------------------------------------------------
   544                              <1> habilitar_modo_texto:
   545                              <1> ; Set MISC regs
   546 0000124E BAC203              <1> 	mov 	dx, 0x3C2  			; VGA_MISC_ADDR
   547 00001251 B067                <1> 	mov 	al, 0x67
   548 00001253 EE                  <1> 	out 	dx, al
   549 00001254 BADA03              <1> 	mov 	dx, 0x3DA  			; VGA_STATUS_ADDR
   550 00001257 B000                <1> 	mov 	al, 0
   551 00001259 EE                  <1> 	out 	dx, al
   552                              <1> ; Send SEQ regs
   553 0000125A FC                  <1> 	cld
   554 0000125B B100                <1> 	mov 	cl, 0
   555 0000125D BE[0300]            <1> 	mov 	si, seq_regs_data
   556                              <1> 
   557                              <1> seq_regs_loop:
   558 00001260 BAC403              <1> 	mov dx, 0x3C4  				; Puerto del secuenciador VGA (índice)
   559 00001263 88C8                <1> 	mov al, cl
   560 00001265 EE                  <1> 	out dx, al
   561                              <1> 
   562 00001266 42                  <1> 	inc 	dx         			; Puerto del secuenciador VGA (datos)
   563 00001267 2EAC                <1> 	cs 	lodsb       			; Leer dato a escribit en puerto.
   564 00001269 EE                  <1> 	out 	dx, al     			; Escribir en controlador VGA.
   565                              <1> 
   566                              <1> ; continue loop
   567 0000126A FEC1                <1> 	inc 	cl         			; Siguiente índice.
   568 0000126C 80F905              <1> 	cmp 	cl, 5
   569 0000126F 75EF                <1> 	jne 	seq_regs_loop
   570                              <1> 
   571                              <1> ; Eliminar protección de los registros 0 a 7 del controlador VGA.
   572 00001271 B8112C              <1> 	mov 	ax, 0x2C11
   573 00001274 BAD403              <1> 	mov 	dx, 0x3D4  			; VGA_CRTC_ADDR
   574 00001277 EF                  <1> 	out 	dx, ax
   575                              <1> 
   576                              <1> ; send CRTC regs
   577 00001278 B100                <1> 	mov 	cl, 0
   578 0000127A BE[0800]            <1> 	mov 	si, crtc_regs_data
   579                              <1> crtc_regs_loop:
   580 0000127D BAD403              <1> 	mov 	dx, 0x3D4  			; Puerto de índice del controlador VGA
   581 00001280 88C8                <1> 	mov 	al, cl
   582 00001282 EE                  <1> 	out 	dx, al
   583 00001283 2EAC                <1> 	cs 		lodsb
   584 00001285 42                  <1> 	inc 	dx         			; Puerto de datos del controlador VGA.
   585 00001286 EE                  <1> 	out 	dx, al
   586 00001287 FEC1                <1> 	inc 	cl
   587 00001289 80F919              <1> 	cmp 	cl, 25
   588 0000128C 72EF                <1> 	jb 	crtc_regs_loop
   589                              <1> 
   590                              <1> inicializar_paleta:
   591 0000128E B100                <1> 	mov 	cl, 0
   592 00001290 BE[3F00]            <1> 	mov 	si, palette_data
   593                              <1> inicializar_paleta_loop:
   594 00001293 BAC803              <1> 	mov 	dx, 0x3C8 			; Puerto de índice paleta
   595 00001296 88C8                <1> 	mov 	al, cl    			; Escribir número de registro
   596 00001298 EE                  <1> 	out 	dx, al
   597 00001299 42                  <1> 	inc 	dx        			; Apuntar al puerto de datos.
   598 0000129A 2EAC                <1> 	cs 		lodsb      			; Leer dato a cargar en el registro.
   599 0000129C EE                  <1> 	out 	dx, al    			; Cargar dato en el registro.
   600 0000129D 2EAC                <1> 	cs 		lodsb      			; Leer dato a cargar en el registro.
   601 0000129F EE                  <1> 	out		dx, al    			; Cargar dato en el registro.
   602 000012A0 2EAC                <1> 	cs 		lodsb      			; Leer dato a cargar en el registro.
   603 000012A2 EE                  <1> 	out 	dx, al    			; Cargar dato en el registro.
   604 000012A3 FEC1                <1> 	inc 	cl
   605 000012A5 80F940              <1> 	cmp 	cl,64
   606 000012A8 72E9                <1> 	jb 		inicializar_paleta_loop
   607                              <1> ;Inicializar registros del controlador gráfico de VGA.
   608 000012AA B100                <1> 	mov 	cl, 0
   609 000012AC BE[2100]            <1> 	mov 	si, graphics_regs_data
   610                              <1> graphics_regs_loop:
   611                              <1> ; send register number to 3CE
   612 000012AF BACE03              <1> 	mov 	dx, 0x3CE 			; VGA_GRAPHICS_CONTROLLER_ADDR
   613 000012B2 88C8                <1> 	mov 	al, cl
   614 000012B4 EE                  <1> 	out 	dx, al
   615                              <1> 
   616                              <1> ; send register value to 3CF
   617 000012B5 2EAC                <1> 	cs 		lodsb
   618 000012B7 42                  <1> 	inc		dx
   619 000012B8 EE                  <1> 	out 	dx, al
   620                              <1> 
   621                              <1> ; continue GRAPHICS loop
   622 000012B9 FEC1                <1> 	inc 	cl
   623 000012BB 80F909              <1> 	cmp 	cl, 9
   624 000012BE 72EF                <1> 	jb 		graphics_regs_loop
   625                              <1> 
   626                              <1> ; Habilitar escritura al puerto del controlador de atributos
   627 000012C0 BADA03              <1> 	mov 	dx, 0x3DA 			; VGA STATUS ADDR
   628 000012C3 EC                  <1> 	in 		al, dx
   629                              <1> ; Inicializar registros del controlador de atributos.
   630 000012C4 B100                <1> 	mov 	cl, 0
   631 000012C6 BE[2A00]            <1> 	mov 	si, attrcon_regs_data
   632                              <1> attrcon_regs_loop:
   633                              <1> ; Apuntar al controlador de atributos.
   634 000012C9 BAC003              <1> 	mov 	dx, 0x3C0 			; VGA_ATTRCON_ADDR
   635 000012CC 88C8                <1> 	mov 	al, cl   			; Escribir número de registro
   636 000012CE EE                  <1> 	out 	dx, al
   637 000012CF 2EAC                <1> 	cs 		lodsb      			; Leer dato a cargar en el registro.
   638 000012D1 EE                  <1> 	out 	dx, al    			; Cargar dato en el registro.
   639                              <1>  
   640 000012D2 FEC1                <1> 	inc 	cl        			; Apuntar al siguiente registro.
   641 000012D4 80F915              <1> 	cmp 	cl, 21    			; Ver si se escribieron todos los registros del ATTRCON.
   642 000012D7 72F0                <1> 	jb 		attrcon_regs_loop 	; Saltar si no es así.
   643                              <1> 
   644 000012D9 B020                <1> 	mov 	al, 0x20  			; Reactivar el refresco de pantalla porque la
   645 000012DB EE                  <1> 	out 	dx, al    			; escritura a registros de ATTRCON lo desactiva.
   646                              <1> 
   647 000012DC BACE03              <1> 	mov 	dx, 0x03ce 			; borrar modo par/impar
   648 000012DF B80500              <1> 	mov 	ax, 5
   649 000012E2 EF                  <1> 	out 	dx, ax
   650                              <1> 
   651 000012E3 B80604              <1> 	mov 	ax, 0x0406 			; Mapear memoria VGA a 0xA0000.
   652 000012E6 EF                  <1> 	out 	dx, ax
   653                              <1> 
   654 000012E7 BAC403              <1> 	mov 	dx, 0x03c4			; Poner el plano de bits número 2
   655 000012EA B80204              <1> 	mov 	ax, 0x0402
   656 000012ED EF                  <1> 	out 	dx, ax
   657                              <1> 
   658 000012EE B80406              <1> 	mov 	ax, 0x0604  		; Borrar modo par/impar.
   659 000012F1 EF                  <1> 	out 	dx, ax
   660                              <1> 
   661 000012F2 B800A0              <1> 	mov 	ax, 0xA000  		; Copiar mapa de caracteres.
   662 000012F5 8EC0                <1> 	mov 	es, ax
   663 000012F7 BF0000              <1> 	mov 	di, 0x0000
   664 000012FA BE[FF00]            <1> 	mov 	si, font16x8
   665 000012FD B90001              <1> 	mov 	cx, 256
   666                              <1> ciclo_copia_fonts:
   667 00001300 2E66A5              <1> 	cs 		movsd         		; Copiar 16 bytes al bitmap.
   668 00001303 2E66A5              <1> 	cs 		movsd
   669 00001306 2E66A5              <1> 	cs 		movsd
   670 00001309 2E66A5              <1> 	cs 		movsd
   671 0000130C 83C710              <1> 	add 	di, 16       		; Saltear 16 bytes (VGA requiere 32 bytes/carácter)
   672 0000130F E2EF                <1> 	loop 	ciclo_copia_fonts
   673                              <1> 
   674 00001311 B80203              <1> 	mov 	ax, 0x0302   		; Volver a la operación normal.
   675 00001314 EF                  <1> 	out 	dx, ax
   676 00001315 B80402              <1> 	mov 	ax, 0x0204
   677 00001318 EF                  <1> 	out 	dx, ax
   678 00001319 BACE03              <1> 	mov 	dx, 0x03ce
   679 0000131C B80510              <1> 	mov 	ax, 0x1005
   680 0000131F EF                  <1> 	out 	dx, ax
   681 00001320 B8060E              <1> 	mov 	ax, 0x0E06
   682 00001323 EF                  <1> 	out 	dx, ax
   683 00001324 87DB                <1> xchg bx,bx    
   684 00001326 E9(0000)            <1>     jmp     bios_init_return
   685                              <1> 
   686                              <1> 
     7                                  
     8                                  %define     PORT_A_8042    0x60        ;Puerto A de E/S del 8042
     9                                  %define     CTRL_PORT_8042 0x64        ;Puerto de Estado del 8042
    10                                  %define     KEYB_DIS       0xAD        ;Deshabilita teclado con Command Byte
    11                                  %define     KEYB_EN        0xAE        ;Habilita teclado con Command Byte
    12                                  %define     READ_OUT_8042  0xD0        ;Copia en 0x60 el estado de OUT
    13                                  %define     WRITE_OUT_8042 0xD1        ;Escribe en OUT lo almacenado en 0x60
    14                                  
    15                                  GLOBAL A20_Enable_No_Stack
    16                                  GLOBAL bios_init
    17                                  EXTERN A20_Enable_No_Stack_return
    18                                  EXTERN bios_init_return
    19                                  
    20                                  ;------------------------------------------------------------------------------
    21                                  ;| Título: A20_Enable_No_Stack                                                |
    22                                  ;| Versión:       1.0                     Fecha:   26/02/2018                 |
    23                                  ;| Autor:         ChristiaN               Modelo:  IA-32 (16bits)             |
    24                                  ;| ------------------------------------------------------------------------   |
    25                                  ;| Descripción:                                                               |
    26                                  ;|    Habilita la puerta A20 sin utilizacion de la pila.                      |
    27                                  ;|    Referencia https://wiki.osdev.org/A20_Line                              |
    28                                  ;| ------------------------------------------------------------------------   |
    29                                  ;| Recibe:                                                                    |
    30                                  ;|    Nada                                                                    |
    31                                  ;|                                                                            |
    32                                  ;| Retorna:                                                                   |
    33                                  ;|    Nada                                                                    |
    34                                  ;| ------------------------------------------------------------------------   |
    35                                  ;| Revisiones:                                                                |
    36                                  ;|    1.0 | 26/02/2018 | ChristiaN | Original                                 |
    37                                  ;------------------------------------------------------------------------------
    38                                  A20_Enable_No_Stack:
    39                                  
    40 00001329 31C0                       xor ax, ax
    41                                     ;Deshabilita el teclado
    42 0000132B BF[3013]                   mov di, .8042_kbrd_dis
    43 0000132E EB34                       jmp .empty_8042_in
    44                                     .8042_kbrd_dis:
    45 00001330 B0AD                       mov al, KEYB_DIS
    46 00001332 E664                       out CTRL_PORT_8042, al
    47                                   
    48                                     ;Lee la salida
    49 00001334 BF[3913]                   mov di, .8042_read_out
    50 00001337 EB2B                       jmp .empty_8042_in
    51                                     .8042_read_out:
    52 00001339 B0D0                       mov al, READ_OUT_8042
    53 0000133B E664                       out CTRL_PORT_8042, al
    54                                     
    55                                     .empty_8042_out:  
    56                                  ;      in al, CTRL_PORT_8042      ; Lee port de estado del 8042 hasta que el
    57                                  ;      test al, 00000001b         ; buffer de salida este vacio
    58                                  ;      jne .empty_8042_out
    59                                  
    60 0000133D 31DB                       xor bx, bx   
    61 0000133F E460                       in al, PORT_A_8042
    62 00001341 89C3                       mov bx, ax
    63                                  
    64                                     ;Modifica el valor del A20
    65 00001343 BF[4813]                   mov di, .8042_write_out
    66 00001346 EB1C                       jmp .empty_8042_in
    67                                     .8042_write_out:
    68 00001348 B0D1                       mov al, WRITE_OUT_8042
    69 0000134A E664                       out CTRL_PORT_8042, al
    70                                  
    71 0000134C BF[5113]                   mov di, .8042_set_a20
    72 0000134F EB13                       jmp .empty_8042_in
    73                                     .8042_set_a20:
    74 00001351 89D8                       mov ax, bx
    75 00001353 83C802                     or ax, 00000010b              ; Habilita el bit A20
    76 00001356 E660                       out PORT_A_8042, al
    77                                  
    78                                     ;Habilita el teclado
    79 00001358 BF[5D13]                   mov di, .8042_kbrd_en
    80 0000135B EB07                       jmp .empty_8042_in
    81                                     .8042_kbrd_en:
    82 0000135D B0AE                       mov al, KEYB_EN
    83 0000135F E664                       out CTRL_PORT_8042, al
    84                                  
    85 00001361 BF[6613]                   mov di, .a20_enable_no_stack_exit
    86                                     .empty_8042_in:  
    87                                  ;      in al, CTRL_PORT_8042      ; Lee port de estado del 8042 hasta que el
    88                                  ;      test al, 00000010b         ; buffer de entrada este vacio
    89                                  ;      jne .empty_8042_in
    90 00001364 FFE7                          jmp di
    91                                  
    92                                     .a20_enable_no_stack_exit:
    93                                  
    94 00001366 E9(0000)                jmp A20_Enable_No_Stack_return
    95                                  
